2020/08/10 14:03:05.777  INFO  -  [http-nio-8083-exec-1] com.cg.movie.services.ScreenServiceImpl : Returned No of seats if screen of id 3
 2020/08/10 14:03:39.166  INFO  -  [http-nio-8083-exec-2] com.cg.movie.services.ScreenServiceImpl : Returned Screen list of theatre 161
 2020/08/10 18:20:55.599  INFO  -  [main] com.cg.movie.services.AdminServiceImpl : Customer List returned Successfully
 2020/08/10 20:47:40.916  INFO  -  [http-nio-8083-exec-2] com.cg.movie.services.AdminServiceImpl : 0 Theatres returned successfully
 2020/08/10 22:55:42.971  INFO  -  [main] com.cg.movie.services.AdminServiceImpl : 3 Customers returned successfully
 2020/08/10 22:55:43.009  INFO  -  [main] com.cg.movie.services.AdminServiceImpl : 2 Theatres returned successfully
 2020/08/10 22:55:43.022  INFO  -  [main] com.cg.movie.services.AdminServiceImpl : 1 Movies returned successfully
 2020/08/10 22:55:43.037  INFO  -  [main] com.cg.movie.services.AdminServiceImpl : 3 Customers returned successfully
 2020/08/10 22:59:01.782  INFO  -  [main] com.cg.movie.services.AdminServiceImpl : 3 Customers returned successfully
 2020/08/10 22:59:01.807  INFO  -  [main] com.cg.movie.services.AdminServiceImpl : 2 Theatres returned successfully
 2020/08/10 22:59:01.815  INFO  -  [main] com.cg.movie.services.AdminServiceImpl : 1 Movies returned successfully
 2020/08/10 22:59:01.826  INFO  -  [main] com.cg.movie.services.AdminServiceImpl : 1 Males, 1 Females, 1 Others returned successfully
 2020/08/10 23:39:27.787  INFO  -  [main] com.cg.movie.services.AdminServiceImpl : 3 Customers returned successfully
 2020/08/10 23:39:27.819  INFO  -  [main] com.cg.movie.services.AdminServiceImpl : 2 Theatres returned successfully
 2020/08/10 23:39:27.833  INFO  -  [main] com.cg.movie.services.AdminServiceImpl : 1 Movies returned successfully
 2020/08/10 23:40:12.448  INFO  -  [main] com.cg.movie.services.AdminServiceImpl : 3 Customers returned successfully
 2020/08/10 23:40:12.488  INFO  -  [main] com.cg.movie.services.AdminServiceImpl : 2 Theatres returned successfully
 2020/08/10 23:40:12.498  INFO  -  [main] com.cg.movie.services.AdminServiceImpl : 1 Movies returned successfully
 2020/08/10 23:42:25.903  INFO  -  [main] com.cg.movie.services.AdminServiceImpl : 3 Customers returned successfully
 2020/08/10 23:42:25.937  INFO  -  [main] com.cg.movie.services.AdminServiceImpl : 2 Theatres returned successfully
 2020/08/10 23:42:25.946  INFO  -  [main] com.cg.movie.services.AdminServiceImpl : 1 Movies returned successfully
 2020/08/10 23:42:25.957  INFO  -  [main] com.cg.movie.services.AdminServiceImpl : 0 Males, 0 Females, 0 Others returned successfully
 2020/08/10 23:43:30.747  INFO  -  [main] com.cg.movie.services.AdminServiceImpl : 3 Customers returned successfully
 2020/08/10 23:43:30.776  INFO  -  [main] com.cg.movie.services.AdminServiceImpl : 2 Theatres returned successfully
 2020/08/10 23:43:30.787  INFO  -  [main] com.cg.movie.services.AdminServiceImpl : 1 Movies returned successfully
 2020/08/11 00:05:06.962  INFO  -  [main] com.cg.movie.services.AdminServiceImpl : 3 Customers returned successfully
 2020/08/11 00:05:07.039  INFO  -  [main] com.cg.movie.services.AdminServiceImpl : 2 Theatres returned successfully
 2020/08/11 00:05:07.062  INFO  -  [main] com.cg.movie.services.AdminServiceImpl : 1 Movies returned successfully
 2020/08/11 00:28:32.954  ERROR -  [main] com.cg.movie.services.TheatreServiceImpl : Theatre not found with 6
 2020/08/11 00:28:33.017  INFO  -  [main] com.cg.movie.services.TheatreServiceImpl : Delete theatre of id 6
 2020/08/11 00:31:15.605  INFO  -  [http-nio-8083-exec-5] com.cg.movie.services.TheatreServiceImpl :  theatre found of id 1
 2020/08/11 00:31:15.682  ERROR -  [http-nio-8083-exec-5] com.cg.movie.services.TheatreServiceImpl : Theatre not found with 1
 2020/08/11 00:31:45.604  INFO  -  [http-nio-8083-exec-8] com.cg.movie.services.TheatreServiceImpl :  theatre found of id 8
 2020/08/11 00:31:45.760  INFO  -  [http-nio-8083-exec-8] com.cg.movie.services.TheatreServiceImpl : Delete theatre of id 8
 2020/08/11 08:45:18.752  INFO  -  [http-nio-8083-exec-2] com.cg.movie.services.CustomerServiceImpl :  Customer found with id 1
 2020/08/11 08:45:31.788  INFO  -  [http-nio-8083-exec-4] com.cg.movie.services.CustomerServiceImpl :  Customer found with id 1
 2020/08/11 08:46:24.768  INFO  -  [http-nio-8083-exec-1] com.cg.movie.services.CustomerServiceImpl :  Customer found with id 1
 2020/08/11 08:47:56.979  INFO  -  [http-nio-8083-exec-2] com.cg.movie.services.CustomerServiceImpl :  Customer found with id 1
 2020/08/11 08:48:14.889  INFO  -  [http-nio-8083-exec-3] com.cg.movie.services.CustomerServiceImpl :  Customer found with id 1
 2020/08/11 08:48:20.188  INFO  -  [http-nio-8083-exec-4] com.cg.movie.services.CustomerServiceImpl :  Customer found with id 5
 2020/08/11 08:48:28.232  INFO  -  [http-nio-8083-exec-6] com.cg.movie.services.CustomerServiceImpl :  Customer found with id 1
 2020/08/11 08:53:38.759  INFO  -  [http-nio-8083-exec-1] com.cg.movie.services.CustomerServiceImpl :  Customer found with id 1
 2020/08/11 08:53:46.089  INFO  -  [http-nio-8083-exec-3] com.cg.movie.services.CustomerServiceImpl :  Customer found with id 3
 2020/08/11 08:55:26.859  INFO  -  [http-nio-8083-exec-2] com.cg.movie.services.CustomerServiceImpl :  Customer found with id 1
 2020/08/11 08:55:28.629  INFO  -  [http-nio-8083-exec-3] com.cg.movie.services.CustomerServiceImpl :  Customer found with id 1
 2020/08/11 09:21:32.032  ERROR -  [main] com.cg.movie.services.CustomerServiceImpl : Customer not found with 1
 2020/08/11 09:21:32.065  ERROR -  [main] com.cg.movie.services.CustomerServiceImpl : Customer not found with 1
 2020/08/11 09:24:37.025  ERROR -  [main] com.cg.movie.services.CustomerServiceImpl : Customer not found with 1
 2020/08/11 09:24:37.046  ERROR -  [main] com.cg.movie.services.CustomerServiceImpl : Customer not found with 1
 2020/08/11 09:30:09.049  ERROR -  [main] com.cg.movie.services.CustomerServiceImpl : Customer not found with 1
 2020/08/11 09:30:09.074  ERROR -  [main] com.cg.movie.services.CustomerServiceImpl : Customer not found with 1
 2020/08/11 09:31:41.384  ERROR -  [main] com.cg.movie.services.TheatreServiceImpl : Theatre not found with 6
 2020/08/11 09:31:41.436  INFO  -  [main] com.cg.movie.services.TheatreServiceImpl : Delete theatre of id 6
 2020/08/11 09:33:53.343  INFO  -  [http-nio-8083-exec-6] com.cg.movie.services.TheatreServiceImpl :  theatre found of id 1
 2020/08/11 09:33:53.351  ERROR -  [http-nio-8083-exec-6] com.cg.movie.services.TheatreServiceImpl : Theatre not found with 1
 2020/08/11 09:36:15.709  INFO  -  [http-nio-8083-exec-1] com.cg.movie.services.TheatreServiceImpl :  theatre found of id 1
 2020/08/11 09:36:15.742  ERROR -  [http-nio-8083-exec-1] com.cg.movie.services.TheatreServiceImpl : Theatre not found with 1
 2020/08/11 09:57:15.633  INFO  -  [http-nio-8083-exec-10] com.cg.movie.services.TheatreServiceImpl :  theatre found of id 9
 2020/08/11 09:57:15.812  INFO  -  [http-nio-8083-exec-10] com.cg.movie.services.TheatreServiceImpl : Delete theatre of id 9
 2020/08/11 09:57:21.888  INFO  -  [http-nio-8083-exec-9] com.cg.movie.services.TheatreServiceImpl :  theatre found of id 10
 2020/08/11 09:57:21.955  INFO  -  [http-nio-8083-exec-9] com.cg.movie.services.TheatreServiceImpl : Delete theatre of id 10
 2020/08/11 09:57:33.282  INFO  -  [http-nio-8083-exec-8] com.cg.movie.services.TheatreServiceImpl : Theatres found successfully
 2020/08/11 09:57:49.221  INFO  -  [http-nio-8083-exec-7] com.cg.movie.services.TheatreServiceImpl :  theatre found of id 11
 2020/08/11 09:57:49.313  INFO  -  [http-nio-8083-exec-7] com.cg.movie.services.TheatreServiceImpl : Delete theatre of id 11
 2020/08/11 09:57:59.160  ERROR -  [http-nio-8083-exec-6] com.cg.movie.services.TheatreServiceImpl : No Theatre Found
 2020/08/11 10:41:57.290  INFO  -  [http-nio-8083-exec-5] com.cg.movie.services.CustomerServiceImpl :  Customer found with id customerId:1
 2020/08/11 10:41:59.616  INFO  -  [http-nio-8083-exec-6] com.cg.movie.services.CustomerServiceImpl :  Customer found with id customerId:1
 2020/08/11 10:42:06.735  INFO  -  [http-nio-8083-exec-7] com.cg.movie.services.CustomerServiceImpl :  Customer found with id customerId:1
 2020/08/11 10:54:32.992  INFO  -  [http-nio-8083-exec-2] com.cg.movie.services.CustomerServiceImpl :  Customer found with id customerId:1
 2020/08/11 10:54:36.898  INFO  -  [http-nio-8083-exec-3] com.cg.movie.services.CustomerServiceImpl :  Customer found with id customerId:1
 2020/08/11 11:18:16.604  INFO  -  [http-nio-8083-exec-1] com.cg.movie.services.CustomerServiceImpl :  Customer found with id customerId:1
 2020/08/11 11:18:20.195  INFO  -  [http-nio-8083-exec-3] com.cg.movie.services.CustomerServiceImpl :  Customer found with id customerId:1
 2020/08/11 11:18:26.164  INFO  -  [http-nio-8083-exec-4] com.cg.movie.services.CustomerServiceImpl :  Customer found with id customerId:5
 2020/08/11 11:26:18.447  ERROR -  [main] com.cg.movie.services.CustomerServiceImpl : Customer not found with customerId: 1
 2020/08/11 11:26:55.697  ERROR -  [main] com.cg.movie.services.CustomerServiceImpl : Customer not found with customerId: 1
 2020/08/11 11:29:35.909  INFO  -  [http-nio-8083-exec-6] com.cg.movie.services.CustomerServiceImpl :  Customer found with id customerId:1
 2020/08/11 11:29:39.049  INFO  -  [http-nio-8083-exec-7] com.cg.movie.services.CustomerServiceImpl :  Customer found with id customerId:1
 2020/08/11 11:29:43.544  INFO  -  [http-nio-8083-exec-8] com.cg.movie.services.CustomerServiceImpl :  Customer found with id customerId:1
 2020/08/11 11:30:15.431  INFO  -  [http-nio-8083-exec-9] com.cg.movie.services.CustomerServiceImpl :  Customer found with id customerId:5
 2020/08/11 11:31:51.314  ERROR -  [main] com.cg.movie.services.CustomerServiceImpl : Customer not found with customerId: 1
 2020/08/11 11:33:44.001  INFO  -  [http-nio-8083-exec-2] com.cg.movie.services.CustomerServiceImpl :  Customer found with customerId:1
 2020/08/11 11:33:49.506  INFO  -  [http-nio-8083-exec-3] com.cg.movie.services.CustomerServiceImpl :  Customer found with customerId:4
 2020/08/11 11:36:16.113  INFO  -  [http-nio-8083-exec-2] com.cg.movie.services.CustomerServiceImpl :  Customer found with customerId:2
 2020/08/11 11:38:25.461  INFO  -  [http-nio-8083-exec-2] com.cg.movie.services.CustomerServiceImpl :  Customer found with customerId:3
 2020/08/11 11:42:36.024  INFO  -  [http-nio-8083-exec-1] com.cg.movie.services.CustomerServiceImpl :  Customer found with customerId:3
 2020/08/11 11:42:40.423  ERROR -  [http-nio-8083-exec-3] com.cg.movie.services.CustomerServiceImpl : Customer not found with customerId: 4
 2020/08/11 11:43:31.827  INFO  -  [http-nio-8083-exec-4] com.cg.movie.services.CustomerServiceImpl :  Customer found with customerId:3
 2020/08/11 11:43:36.100  ERROR -  [http-nio-8083-exec-6] com.cg.movie.services.CustomerServiceImpl : Customer not found with customerId: 5
 2020/08/11 13:43:12.996  INFO  -  [main] com.cg.movie.services.AdminServiceImpl : 3 Customers returned successfully
 2020/08/11 13:43:13.020  INFO  -  [main] com.cg.movie.services.AdminServiceImpl : 3 Customers returned successfully
 2020/08/11 13:43:13.071  INFO  -  [main] com.cg.movie.services.AdminServiceImpl : 2 Theatres returned successfully
 2020/08/11 13:43:13.092  INFO  -  [main] com.cg.movie.services.AdminServiceImpl : 1 Movies returned successfully
 2020/08/11 13:44:50.827  INFO  -  [main] com.cg.movie.services.AdminServiceImpl : 3 Customers returned successfully
 2020/08/11 13:44:50.844  INFO  -  [main] com.cg.movie.services.AdminServiceImpl : 3 Customers returned successfully
 2020/08/11 13:44:50.892  INFO  -  [main] com.cg.movie.services.AdminServiceImpl : 2 Theatres returned successfully
 2020/08/11 13:44:50.924  INFO  -  [main] com.cg.movie.services.AdminServiceImpl : 1 Movies returned successfully
 2020/08/11 13:49:33.088  INFO  -  [main] com.cg.movie.services.AdminServiceImpl : 3 Customers returned successfully
 2020/08/11 13:49:33.214  INFO  -  [main] com.cg.movie.services.AdminServiceImpl : 2 Theatres returned successfully
 2020/08/11 13:49:33.256  INFO  -  [main] com.cg.movie.services.AdminServiceImpl : 1 Movies returned successfully
 2020/08/11 13:52:11.991  INFO  -  [http-nio-8083-exec-2] com.cg.movie.services.AdminServiceImpl : 0 Customers returned successfully
 2020/08/11 13:52:16.966  INFO  -  [main] com.cg.movie.services.AdminServiceImpl : 3 Customers returned successfully
 2020/08/11 13:52:17.041  INFO  -  [main] com.cg.movie.services.AdminServiceImpl : 2 Theatres returned successfully
 2020/08/11 13:52:17.060  INFO  -  [main] com.cg.movie.services.AdminServiceImpl : 1 Movies returned successfully
 2020/08/11 13:53:25.225  INFO  -  [main] com.cg.movie.services.AdminServiceImpl : 3 Customers returned successfully
 2020/08/11 13:53:25.299  INFO  -  [main] com.cg.movie.services.AdminServiceImpl : 2 Theatres returned successfully
 2020/08/11 13:53:25.317  INFO  -  [main] com.cg.movie.services.AdminServiceImpl : 1 Movies returned successfully
 2020/08/11 13:54:14.348  INFO  -  [main] com.cg.movie.services.AdminServiceImpl : 3 Customers returned successfully
 2020/08/11 13:54:14.384  INFO  -  [main] com.cg.movie.services.AdminServiceImpl : 0 Customers returned successfully
 2020/08/11 13:54:14.478  INFO  -  [main] com.cg.movie.services.AdminServiceImpl : 2 Theatres returned successfully
 2020/08/11 13:54:14.523  INFO  -  [main] com.cg.movie.services.AdminServiceImpl : 1 Movies returned successfully
 2020/08/11 13:55:08.544  INFO  -  [main] com.cg.movie.services.AdminServiceImpl : 3 Customers returned successfully
 2020/08/11 13:55:08.556  INFO  -  [main] com.cg.movie.services.AdminServiceImpl : 0 Customers returned successfully
 2020/08/11 13:55:08.614  INFO  -  [main] com.cg.movie.services.AdminServiceImpl : 2 Theatres returned successfully
 2020/08/11 13:55:08.639  INFO  -  [main] com.cg.movie.services.AdminServiceImpl : 1 Movies returned successfully
 2020/08/11 13:55:36.816  INFO  -  [main] com.cg.movie.services.AdminServiceImpl : 3 Customers returned successfully
 2020/08/11 13:55:36.831  INFO  -  [main] com.cg.movie.services.AdminServiceImpl : 0 Customers returned successfully
 2020/08/11 13:55:36.872  INFO  -  [main] com.cg.movie.services.AdminServiceImpl : 2 Theatres returned successfully
 2020/08/11 13:55:36.886  INFO  -  [main] com.cg.movie.services.AdminServiceImpl : 1 Movies returned successfully
 2020/08/11 13:56:00.286  INFO  -  [http-nio-8083-exec-5] com.cg.movie.services.AdminServiceImpl : 0 Customers returned successfully
 2020/08/11 13:56:58.179  INFO  -  [main] com.cg.movie.services.AdminServiceImpl : 3 Customers returned successfully
 2020/08/11 13:56:58.293  INFO  -  [main] com.cg.movie.services.AdminServiceImpl : 2 Theatres returned successfully
 2020/08/11 13:56:58.321  INFO  -  [main] com.cg.movie.services.AdminServiceImpl : 1 Movies returned successfully
 2020/08/11 13:58:22.883  INFO  -  [http-nio-8083-exec-2] com.cg.movie.services.AdminServiceImpl : 0 Customers returned successfully
 2020/08/11 13:59:32.502  INFO  -  [http-nio-8083-exec-5] com.cg.movie.services.AdminServiceImpl : 0 Customers returned successfully
 2020/08/11 14:00:44.902  INFO  -  [http-nio-8083-exec-1] com.cg.movie.services.AdminServiceImpl : 0 Customers returned successfully
 2020/08/11 14:01:46.531  ERROR -  [http-nio-8083-exec-2] com.cg.movie.services.AdminServiceImpl : Customers Not Found
 2020/08/11 14:03:28.300  ERROR -  [http-nio-8083-exec-1] com.cg.movie.services.AdminServiceImpl : Customers Not Found
 2020/08/11 14:03:57.297  INFO  -  [main] com.cg.movie.services.AdminServiceImpl : 3 Customers returned successfully
 2020/08/11 14:03:57.307  ERROR -  [main] com.cg.movie.services.AdminServiceImpl : Customers Not Found
 2020/08/11 14:03:57.332  INFO  -  [main] com.cg.movie.services.AdminServiceImpl : 2 Theatres returned successfully
 2020/08/11 14:03:57.346  INFO  -  [main] com.cg.movie.services.AdminServiceImpl : 1 Movies returned successfully
 2020/08/11 14:04:22.522  INFO  -  [main] com.cg.movie.services.AdminServiceImpl : 3 Customers returned successfully
 2020/08/11 14:04:22.566  INFO  -  [main] com.cg.movie.services.AdminServiceImpl : 2 Theatres returned successfully
 2020/08/11 14:04:22.585  INFO  -  [main] com.cg.movie.services.AdminServiceImpl : 1 Movies returned successfully
 2020/08/11 14:05:11.046  INFO  -  [http-nio-8083-exec-1] com.cg.movie.services.AdminServiceImpl : 0 Customers returned successfully
 2020/08/11 14:05:33.293  INFO  -  [main] com.cg.movie.services.AdminServiceImpl : 3 Customers returned successfully
 2020/08/11 14:05:33.306  INFO  -  [main] com.cg.movie.services.AdminServiceImpl : 0 Customers returned successfully
 2020/08/11 14:05:33.340  INFO  -  [main] com.cg.movie.services.AdminServiceImpl : 2 Theatres returned successfully
 2020/08/11 14:05:33.351  INFO  -  [main] com.cg.movie.services.AdminServiceImpl : 1 Movies returned successfully
 2020/08/11 14:33:33.635  INFO  -  [main] com.cg.movie.services.AdminServiceImpl : 3 Customers returned successfully
 2020/08/11 14:33:33.666  INFO  -  [main] com.cg.movie.services.AdminServiceImpl : 2 Theatres returned successfully
 2020/08/11 14:33:33.678  INFO  -  [main] com.cg.movie.services.AdminServiceImpl : 1 Movies returned successfully
 2020/08/11 14:38:06.729  ERROR -  [http-nio-8083-exec-1] com.cg.movie.services.AdminServiceImpl : Customers Not Found
 2020/08/11 14:47:16.648  INFO  -  [main] com.cg.movie.services.AdminServiceImpl : 3 Customers returned successfully
 2020/08/11 14:47:16.662  ERROR -  [main] com.cg.movie.services.AdminServiceImpl : Customers Not Found
 2020/08/11 14:47:16.691  INFO  -  [main] com.cg.movie.services.AdminServiceImpl : 2 Theatres returned successfully
 2020/08/11 14:47:16.702  INFO  -  [main] com.cg.movie.services.AdminServiceImpl : 1 Movies returned successfully
 2020/08/11 14:49:56.195  INFO  -  [main] com.cg.movie.services.AdminServiceImpl : 3 Customers returned successfully
 2020/08/11 14:49:56.203  ERROR -  [main] com.cg.movie.services.AdminServiceImpl : Customers Not Found
 2020/08/11 14:49:56.227  INFO  -  [main] com.cg.movie.services.AdminServiceImpl : 2 Theatres returned successfully
 2020/08/11 14:49:56.229  ERROR -  [main] com.cg.movie.services.AdminServiceImpl : Theatres Not Found
 2020/08/11 14:49:56.243  INFO  -  [main] com.cg.movie.services.AdminServiceImpl : 1 Movies returned successfully
 2020/08/11 14:50:48.604  INFO  -  [main] com.cg.movie.services.AdminServiceImpl : 3 Customers returned successfully
 2020/08/11 14:50:48.616  ERROR -  [main] com.cg.movie.services.AdminServiceImpl : Customers Not Found
 2020/08/11 14:50:48.636  INFO  -  [main] com.cg.movie.services.AdminServiceImpl : 2 Theatres returned successfully
 2020/08/11 14:50:48.637  ERROR -  [main] com.cg.movie.services.AdminServiceImpl : Theatres Not Found
 2020/08/11 14:50:48.646  INFO  -  [main] com.cg.movie.services.AdminServiceImpl : 1 Movies returned successfully
 2020/08/11 14:51:32.622  INFO  -  [main] com.cg.movie.services.AdminServiceImpl : 3 Customers returned successfully
 2020/08/11 14:51:32.635  ERROR -  [main] com.cg.movie.services.AdminServiceImpl : Customers Not Found
 2020/08/11 14:51:32.661  INFO  -  [main] com.cg.movie.services.AdminServiceImpl : 2 Theatres returned successfully
 2020/08/11 14:51:32.662  ERROR -  [main] com.cg.movie.services.AdminServiceImpl : Theatres Not Found
 2020/08/11 14:51:32.673  INFO  -  [main] com.cg.movie.services.AdminServiceImpl : 1 Movies returned successfully
 2020/08/11 14:51:32.674  ERROR -  [main] com.cg.movie.services.AdminServiceImpl : Movies Not Found
 2020/08/11 15:33:47.448  INFO  -  [main] com.cg.movie.services.AdminServiceImpl : 3 Customers returned successfully
 2020/08/11 15:33:47.475  ERROR -  [main] com.cg.movie.services.AdminServiceImpl : Customers Not Found
 2020/08/11 15:33:47.518  INFO  -  [main] com.cg.movie.services.AdminServiceImpl : 2 Theatres returned successfully
 2020/08/11 15:33:47.519  ERROR -  [main] com.cg.movie.services.AdminServiceImpl : Theatres Not Found
 2020/08/11 15:33:47.536  INFO  -  [main] com.cg.movie.services.AdminServiceImpl : 1 Movies returned successfully
 2020/08/11 15:33:47.538  ERROR -  [main] com.cg.movie.services.AdminServiceImpl : Movies Not Found
 2020/08/11 15:40:20.401  INFO  -  [main] com.cg.movie.services.AdminServiceImpl : 3 Customers returned successfully
 2020/08/11 15:40:20.417  ERROR -  [main] com.cg.movie.services.AdminServiceImpl : Customers Not Found
 2020/08/11 15:40:20.459  INFO  -  [main] com.cg.movie.services.AdminServiceImpl : 2 Theatres returned successfully
 2020/08/11 15:40:20.460  ERROR -  [main] com.cg.movie.services.AdminServiceImpl : Theatres Not Found
 2020/08/11 15:40:20.475  INFO  -  [main] com.cg.movie.services.AdminServiceImpl : 1 Movies returned successfully
 2020/08/11 15:40:20.477  ERROR -  [main] com.cg.movie.services.AdminServiceImpl : Movies Not Found
 2020/08/11 15:40:52.011  INFO  -  [main] com.cg.movie.services.AdminServiceImpl : 3 Customers returned successfully
 2020/08/11 15:40:52.024  ERROR -  [main] com.cg.movie.services.AdminServiceImpl : Customers Not Found
 2020/08/11 15:40:52.050  INFO  -  [main] com.cg.movie.services.AdminServiceImpl : 2 Theatres returned successfully
 2020/08/11 15:40:52.052  ERROR -  [main] com.cg.movie.services.AdminServiceImpl : Theatres Not Found
 2020/08/11 15:40:52.068  INFO  -  [main] com.cg.movie.services.AdminServiceImpl : 1 Movies returned successfully
 2020/08/11 15:40:52.070  ERROR -  [main] com.cg.movie.services.AdminServiceImpl : Movies Not Found
 2020/08/11 15:41:54.901  INFO  -  [main] com.cg.movie.services.AdminServiceImpl : 3 Customers returned successfully
 2020/08/11 15:41:54.912  ERROR -  [main] com.cg.movie.services.AdminServiceImpl : Customers Not Found
 2020/08/11 15:41:54.936  INFO  -  [main] com.cg.movie.services.AdminServiceImpl : 2 Theatres returned successfully
 2020/08/11 15:41:54.938  ERROR -  [main] com.cg.movie.services.AdminServiceImpl : Theatres Not Found
 2020/08/11 15:41:54.949  INFO  -  [main] com.cg.movie.services.AdminServiceImpl : 1 Movies returned successfully
 2020/08/11 15:41:54.950  ERROR -  [main] com.cg.movie.services.AdminServiceImpl : Movies Not Found
 2020/08/11 15:42:56.655  INFO  -  [main] com.cg.movie.services.AdminServiceImpl : 3 Customers returned successfully
 2020/08/11 15:42:56.668  ERROR -  [main] com.cg.movie.services.AdminServiceImpl : Customers Not Found
 2020/08/11 15:42:56.702  INFO  -  [main] com.cg.movie.services.AdminServiceImpl : 2 Theatres returned successfully
 2020/08/11 15:42:56.704  ERROR -  [main] com.cg.movie.services.AdminServiceImpl : Theatres Not Found
 2020/08/11 15:42:56.722  INFO  -  [main] com.cg.movie.services.AdminServiceImpl : 1 Movies returned successfully
 2020/08/11 15:42:56.725  ERROR -  [main] com.cg.movie.services.AdminServiceImpl : Movies Not Found
 2020/08/11 15:44:11.754  INFO  -  [main] com.cg.movie.services.AdminServiceImpl : 3 Customers returned successfully
 2020/08/11 15:44:11.776  ERROR -  [main] com.cg.movie.services.AdminServiceImpl : Customers Not Found
 2020/08/11 15:44:11.823  INFO  -  [main] com.cg.movie.services.AdminServiceImpl : 2 Theatres returned successfully
 2020/08/11 15:44:11.827  ERROR -  [main] com.cg.movie.services.AdminServiceImpl : Theatres Not Found
 2020/08/11 15:44:11.844  INFO  -  [main] com.cg.movie.services.AdminServiceImpl : 1 Movies returned successfully
 2020/08/11 15:44:11.847  ERROR -  [main] com.cg.movie.services.AdminServiceImpl : Movies Not Found
 2020/08/11 15:44:55.546  INFO  -  [main] com.cg.movie.services.AdminServiceImpl : 3 Customers returned successfully
 2020/08/11 15:44:55.565  ERROR -  [main] com.cg.movie.services.AdminServiceImpl : Customers Not Found
 2020/08/11 15:44:55.611  INFO  -  [main] com.cg.movie.services.AdminServiceImpl : 2 Theatres returned successfully
 2020/08/11 15:44:55.613  ERROR -  [main] com.cg.movie.services.AdminServiceImpl : Theatres Not Found
 2020/08/11 15:44:55.635  INFO  -  [main] com.cg.movie.services.AdminServiceImpl : 1 Movies returned successfully
 2020/08/11 15:44:55.637  ERROR -  [main] com.cg.movie.services.AdminServiceImpl : Movies Not Found
 2020/08/11 15:57:49.912  INFO  -  [main] com.cg.movie.services.AdminServiceImpl : 3 Customers returned successfully
 2020/08/11 15:57:49.928  ERROR -  [main] com.cg.movie.services.AdminServiceImpl : Customers Not Found
 2020/08/11 15:57:49.962  INFO  -  [main] com.cg.movie.services.AdminServiceImpl : 2 Theatres returned successfully
 2020/08/11 15:57:49.964  ERROR -  [main] com.cg.movie.services.AdminServiceImpl : Theatres Not Found
 2020/08/11 15:57:49.980  INFO  -  [main] com.cg.movie.services.AdminServiceImpl : 1 Movies returned successfully
 2020/08/11 15:57:49.982  ERROR -  [main] com.cg.movie.services.AdminServiceImpl : Movies Not Found
 2020/08/12 16:27:04.411  INFO  -  [main] com.cg.movie.services.AdminServiceImpl : 3 Customers returned successfully
 2020/08/12 16:27:04.431  ERROR -  [main] com.cg.movie.services.AdminServiceImpl : Customers Not Found
 2020/08/12 16:27:04.454  INFO  -  [main] com.cg.movie.services.AdminServiceImpl : 2 Theatres returned successfully
 2020/08/12 16:27:04.456  ERROR -  [main] com.cg.movie.services.AdminServiceImpl : Theatres Not Found
 2020/08/12 16:27:04.467  INFO  -  [main] com.cg.movie.services.AdminServiceImpl : 1 Movies returned successfully
 2020/08/12 16:27:04.468  ERROR -  [main] com.cg.movie.services.AdminServiceImpl : Movies Not Found
 2020/08/12 17:25:23.038  INFO  -  [http-nio-8083-exec-1] com.cg.movie.services.AdminServiceImpl : 0 Customers returned successfully
2020/08/11 13:29:47.006  INFO  -  [main] com.cg.movie.services.ScreenServiceImpl : Returned Screen list of theatre 1
 2020/08/11 13:29:47.024  ERROR -  [main] com.cg.movie.services.ScreenServiceImpl : Theatre not found with 101
 2020/08/11 13:29:47.115  INFO  -  [main] com.cg.movie.services.ScreenServiceImpl : Delete screen of id 101
 2020/08/11 13:29:47.141  ERROR -  [main] com.cg.movie.services.ScreenServiceImpl : Screen not found with 110
 2020/08/11 13:29:47.159  INFO  -  [main] com.cg.movie.services.ScreenServiceImpl : Added Screen to Theatre of Id 1
 2020/08/11 13:29:47.164  ERROR -  [main] com.cg.movie.services.ScreenServiceImpl : Theatre not found with 101
 2020/08/11 13:29:47.193  INFO  -  [main] com.cg.movie.services.ScreenServiceImpl : Returned No of seats of screen of id 101
 2020/08/11 13:29:47.198  ERROR -  [main] com.cg.movie.services.ScreenServiceImpl : Screen not found with 111
 2020/08/11 13:29:47.219  INFO  -  [main] com.cg.movie.services.ScreenServiceImpl : Added seats in screen of id 101
 2020/08/11 13:29:47.223  ERROR -  [main] com.cg.movie.services.ScreenServiceImpl : Cannot add 0 seats in the screen
 2020/08/11 13:29:47.225  ERROR -  [main] com.cg.movie.services.ScreenServiceImpl : Screen not found with 111
 2020/08/11 13:29:47.280  INFO  -  [main] com.cg.movie.services.ScreenServiceImpl : Updated no of seat in screen of id 101
 2020/08/11 13:29:47.283  ERROR -  [main] com.cg.movie.services.ScreenServiceImpl : Cannot update 0 seats in the screen
 2020/08/11 13:29:47.286  ERROR -  [main] com.cg.movie.services.ScreenServiceImpl : Screen not found with 111

<<<<<<< HEAD
 2020/08/12 20:04:58.926  INFO  -  [http-nio-8083-exec-1] com.cg.movie.services.AdminServiceImpl : 0 Customers returned successfully
 2020/08/12 20:05:06.093  INFO  -  [http-nio-8083-exec-3] com.cg.movie.services.AdminServiceImpl : 0 Theatres returned successfully
 2020/08/12 23:00:20.059  INFO  -  [http-nio-8083-exec-2] com.cg.movie.services.AdminServiceImpl : 0 Theatres returned successfully
 2020/08/12 23:45:44.308  INFO  -  [http-nio-8083-exec-1] com.cg.movie.services.AdminServiceImpl : 2 Theatres returned successfully
 2020/08/12 23:45:50.085  INFO  -  [http-nio-8083-exec-3] com.cg.movie.services.AdminServiceImpl : 2 Customers returned successfully
 2020/08/12 23:46:09.802  INFO  -  [http-nio-8083-exec-4] com.cg.movie.services.AdminServiceImpl : 2 Movies returned successfully
 2020/08/12 23:51:20.975  INFO  -  [http-nio-8083-exec-4] com.cg.movie.services.AdminServiceImpl : Top 3 Movies returned successfully
 2020/08/12 23:51:42.485  INFO  -  [http-nio-8083-exec-5] com.cg.movie.services.AdminServiceImpl : Top 3 Theatres returned successfully
 2020/08/12 23:52:09.486  INFO  -  [http-nio-8083-exec-6] com.cg.movie.services.AdminServiceImpl : 2 Males, 0 Females, 0 Others returned successfully
 2020/08/13 23:59:56.898  INFO  -  [main] com.cg.movie.services.AdminServiceImpl : 3 Customers returned successfully
 2020/08/13 23:59:56.915  ERROR -  [main] com.cg.movie.services.AdminServiceImpl : Customers Not Found
 2020/08/13 23:59:56.957  INFO  -  [main] com.cg.movie.services.AdminServiceImpl : 2 Theatres returned successfully
 2020/08/13 23:59:56.961  ERROR -  [main] com.cg.movie.services.AdminServiceImpl : Theatres Not Found
 2020/08/13 23:59:56.975  INFO  -  [main] com.cg.movie.services.AdminServiceImpl : 1 Movies returned successfully
 2020/08/13 23:59:56.978  ERROR -  [main] com.cg.movie.services.AdminServiceImpl : Movies Not Found
 2020/08/14 13:42:48.223  INFO  -  [http-nio-8083-exec-3] com.cg.movie.services.CustomerServiceImpl :  Customer found with customerId:1160
 2020/08/14 13:42:48.280  INFO  -  [http-nio-8083-exec-3] com.cg.movie.services.TheatreServiceImpl :  theatre found of id 162
 2020/08/14 13:42:48.297  ERROR -  [http-nio-8083-exec-3] com.cg.movie.services.ShowServiceImpl : Show not found with Id: 788
 2020/08/14 13:45:07.809  INFO  -  [http-nio-8083-exec-5] com.cg.movie.services.CustomerServiceImpl :  Customer found with customerId:1160
 2020/08/14 13:45:07.820  INFO  -  [http-nio-8083-exec-5] com.cg.movie.services.TheatreServiceImpl :  theatre found of id 162
 2020/08/14 13:45:54.586  INFO  -  [http-nio-8083-exec-6] com.cg.movie.services.CustomerServiceImpl :  Customer found with customerId:1160
 2020/08/14 13:45:54.598  INFO  -  [http-nio-8083-exec-6] com.cg.movie.services.TheatreServiceImpl :  theatre found of id 162
 2020/08/14 13:45:54.673  ERROR -  [http-nio-8083-exec-6] com.cg.movie.services.SeatServiceImpl : Seats already booked
 2020/08/14 13:46:03.798  INFO  -  [http-nio-8083-exec-8] com.cg.movie.services.CustomerServiceImpl :  Customer found with customerId:1160
 2020/08/14 13:46:03.812  INFO  -  [http-nio-8083-exec-8] com.cg.movie.services.TheatreServiceImpl :  theatre found of id 162
 2020/08/14 13:46:46.730  INFO  -  [http-nio-8083-exec-10] com.cg.movie.services.CustomerServiceImpl :  Customer found with customerId:1160
 2020/08/14 13:46:46.747  INFO  -  [http-nio-8083-exec-10] com.cg.movie.services.TheatreServiceImpl :  theatre found of id 162
 2020/08/14 15:41:21.999  INFO  -  [http-nio-8083-exec-4] com.cg.movie.services.AdminServiceImpl : 2 Customers returned successfully
 2020/08/14 15:42:38.794  INFO  -  [http-nio-8083-exec-7] com.cg.movie.services.AdminServiceImpl : 2 Movies returned successfully
 2020/08/14 15:44:46.323  INFO  -  [http-nio-8083-exec-10] com.cg.movie.services.AdminServiceImpl : 2 Males, 0 Females, 0 Others returned successfully
 2020/08/14 15:53:16.272  INFO  -  [http-nio-8083-exec-1] com.cg.movie.services.AdminServiceImpl : Today's revenue is 420.2
 2020/08/14 15:53:22.929  INFO  -  [http-nio-8083-exec-3] com.cg.movie.services.AdminServiceImpl : 2 Bookings Today
 2020/08/14 16:07:33.525  INFO  -  [main] com.cg.movie.services.AdminServiceImpl : 3 Customers returned successfully
 2020/08/14 16:07:33.541  ERROR -  [main] com.cg.movie.services.AdminServiceImpl : Customers Not Found
 2020/08/14 16:07:33.575  INFO  -  [main] com.cg.movie.services.AdminServiceImpl : 2 Theatres returned successfully
 2020/08/14 16:07:33.579  ERROR -  [main] com.cg.movie.services.AdminServiceImpl : Theatres Not Found
 2020/08/14 16:07:33.594  INFO  -  [main] com.cg.movie.services.AdminServiceImpl : 1 Movies returned successfully
 2020/08/14 16:07:33.597  ERROR -  [main] com.cg.movie.services.AdminServiceImpl : Movies Not Found
 2020/08/14 16:07:33.609  INFO  -  [main] com.cg.movie.services.AdminServiceImpl : Today's revenue is 300.6
 2020/08/14 16:09:11.483  INFO  -  [main] com.cg.movie.services.AdminServiceImpl : 3 Customers returned successfully
 2020/08/14 16:09:11.496  ERROR -  [main] com.cg.movie.services.AdminServiceImpl : Customers Not Found
 2020/08/14 16:09:11.529  INFO  -  [main] com.cg.movie.services.AdminServiceImpl : 2 Theatres returned successfully
 2020/08/14 16:09:11.533  ERROR -  [main] com.cg.movie.services.AdminServiceImpl : Theatres Not Found
 2020/08/14 16:09:11.546  INFO  -  [main] com.cg.movie.services.AdminServiceImpl : 1 Movies returned successfully
 2020/08/14 16:09:11.549  ERROR -  [main] com.cg.movie.services.AdminServiceImpl : Movies Not Found
 2020/08/14 16:09:11.564  INFO  -  [main] com.cg.movie.services.AdminServiceImpl : Today's revenue is 300.6
 2020/08/14 16:09:52.623  INFO  -  [main] com.cg.movie.services.AdminServiceImpl : 3 Customers returned successfully
 2020/08/14 16:09:52.633  ERROR -  [main] com.cg.movie.services.AdminServiceImpl : Customers Not Found
 2020/08/14 16:09:52.662  INFO  -  [main] com.cg.movie.services.AdminServiceImpl : 2 Theatres returned successfully
 2020/08/14 16:09:52.665  ERROR -  [main] com.cg.movie.services.AdminServiceImpl : Theatres Not Found
 2020/08/14 16:09:52.679  INFO  -  [main] com.cg.movie.services.AdminServiceImpl : 1 Movies returned successfully
 2020/08/14 16:09:52.682  ERROR -  [main] com.cg.movie.services.AdminServiceImpl : Movies Not Found
 2020/08/14 16:09:52.700  INFO  -  [main] com.cg.movie.services.AdminServiceImpl : Today's revenue is 300.6
 2020/08/14 16:10:54.475  INFO  -  [main] com.cg.movie.services.AdminServiceImpl : 3 Customers returned successfully
 2020/08/14 16:10:54.487  ERROR -  [main] com.cg.movie.services.AdminServiceImpl : Customers Not Found
 2020/08/14 16:10:54.515  INFO  -  [main] com.cg.movie.services.AdminServiceImpl : 2 Theatres returned successfully
 2020/08/14 16:10:54.519  ERROR -  [main] com.cg.movie.services.AdminServiceImpl : Theatres Not Found
 2020/08/14 16:10:54.532  INFO  -  [main] com.cg.movie.services.AdminServiceImpl : 1 Movies returned successfully
 2020/08/14 16:10:54.536  ERROR -  [main] com.cg.movie.services.AdminServiceImpl : Movies Not Found
 2020/08/14 16:10:54.550  INFO  -  [main] com.cg.movie.services.AdminServiceImpl : Today's revenue is 300.6
 2020/08/14 16:10:54.554  ERROR -  [main] com.cg.movie.services.AdminServiceImpl : No Revenue Today
 2020/08/14 16:12:43.028  INFO  -  [main] com.cg.movie.services.AdminServiceImpl : 3 Customers returned successfully
 2020/08/14 16:12:43.040  ERROR -  [main] com.cg.movie.services.AdminServiceImpl : Customers Not Found
 2020/08/14 16:12:43.073  INFO  -  [main] com.cg.movie.services.AdminServiceImpl : 2 Theatres returned successfully
 2020/08/14 16:12:43.076  ERROR -  [main] com.cg.movie.services.AdminServiceImpl : Theatres Not Found
 2020/08/14 16:12:43.088  INFO  -  [main] com.cg.movie.services.AdminServiceImpl : 1 Movies returned successfully
 2020/08/14 16:12:43.091  ERROR -  [main] com.cg.movie.services.AdminServiceImpl : Movies Not Found
 2020/08/14 16:12:43.101  INFO  -  [main] com.cg.movie.services.AdminServiceImpl : 2 Bookings Today
 2020/08/14 16:12:43.112  INFO  -  [main] com.cg.movie.services.AdminServiceImpl : Today's revenue is 300.6
 2020/08/14 16:12:43.115  ERROR -  [main] com.cg.movie.services.AdminServiceImpl : No Revenue Today
 2020/08/14 16:14:41.335  INFO  -  [main] com.cg.movie.services.AdminServiceImpl : 3 Customers returned successfully
 2020/08/14 16:14:41.348  ERROR -  [main] com.cg.movie.services.AdminServiceImpl : Customers Not Found
 2020/08/14 16:14:41.376  INFO  -  [main] com.cg.movie.services.AdminServiceImpl : 2 Theatres returned successfully
 2020/08/14 16:14:41.379  ERROR -  [main] com.cg.movie.services.AdminServiceImpl : Theatres Not Found
 2020/08/14 16:14:41.396  INFO  -  [main] com.cg.movie.services.AdminServiceImpl : 1 Movies returned successfully
 2020/08/14 16:14:41.399  ERROR -  [main] com.cg.movie.services.AdminServiceImpl : Movies Not Found
 2020/08/14 16:14:41.413  INFO  -  [main] com.cg.movie.services.AdminServiceImpl : 2 Bookings Today
 2020/08/14 16:14:41.416  ERROR -  [main] com.cg.movie.services.AdminServiceImpl : No Bookings Today
 2020/08/14 16:14:41.427  INFO  -  [main] com.cg.movie.services.AdminServiceImpl : Today's revenue is 300.6
 2020/08/14 16:14:41.430  ERROR -  [main] com.cg.movie.services.AdminServiceImpl : No Revenue Today
 2020/08/14 16:18:12.395  INFO  -  [main] com.cg.movie.AdminTest : Counting Customers Tesing started
 2020/08/14 16:18:12.444  INFO  -  [main] com.cg.movie.services.AdminServiceImpl : 3 Customers returned successfully
 2020/08/14 16:18:12.457  ERROR -  [main] com.cg.movie.services.AdminServiceImpl : Customers Not Found
 2020/08/14 16:18:12.462  INFO  -  [main] com.cg.movie.AdminTest : Counting Customers Tesing ended
 2020/08/14 16:18:12.489  INFO  -  [main] com.cg.movie.AdminTest : Counting Theatres Tesing started
 2020/08/14 16:18:12.491  INFO  -  [main] com.cg.movie.services.AdminServiceImpl : 2 Theatres returned successfully
 2020/08/14 16:18:12.495  ERROR -  [main] com.cg.movie.services.AdminServiceImpl : Theatres Not Found
 2020/08/14 16:18:12.497  INFO  -  [main] com.cg.movie.AdminTest : Counting Customers Tesing ended
 2020/08/14 16:18:12.507  INFO  -  [main] com.cg.movie.AdminTest : Counting Movies Tesing started
 2020/08/14 16:18:12.510  INFO  -  [main] com.cg.movie.services.AdminServiceImpl : 1 Movies returned successfully
 2020/08/14 16:18:12.513  ERROR -  [main] com.cg.movie.services.AdminServiceImpl : Movies Not Found
 2020/08/14 16:18:12.515  INFO  -  [main] com.cg.movie.AdminTest : Counting Movies Tesing ended
 2020/08/14 16:18:12.524  INFO  -  [main] com.cg.movie.AdminTest : Calaculating today's booking count Tesing started
 2020/08/14 16:18:12.526  INFO  -  [main] com.cg.movie.services.AdminServiceImpl : 2 Bookings Today
 2020/08/14 16:18:12.529  ERROR -  [main] com.cg.movie.services.AdminServiceImpl : No Bookings Today
 2020/08/14 16:18:12.531  INFO  -  [main] com.cg.movie.AdminTest : Calaculating today's booking count Tesing ended
 2020/08/14 16:18:12.541  INFO  -  [main] com.cg.movie.AdminTest : Calaculating today's revenue Tesing started
 2020/08/14 16:18:12.542  INFO  -  [main] com.cg.movie.services.AdminServiceImpl : Today's revenue is 300.6
 2020/08/14 16:18:12.545  ERROR -  [main] com.cg.movie.services.AdminServiceImpl : No Revenue Today
 2020/08/14 16:18:12.547  INFO  -  [main] com.cg.movie.AdminTest : Calaculating today's revenue Tesing ended
 2020/08/14 16:19:32.532  INFO  -  [http-nio-8083-exec-2] com.cg.movie.services.AdminServiceImpl : 2 Bookings Today
 2020/08/14 16:19:48.885  INFO  -  [http-nio-8083-exec-3] com.cg.movie.services.AdminServiceImpl : Today's revenue is 420.2
 2020/08/14 16:20:05.051  INFO  -  [http-nio-8083-exec-4] com.cg.movie.services.AdminServiceImpl : 2 Males, 0 Females, 0 Others returned successfully
 2020/08/14 18:16:09.800  INFO  -  [http-nio-8083-exec-1] com.cg.movie.services.AdminServiceImpl : Top 3 Theatres returned successfully
 2020/08/14 18:17:27.295  INFO  -  [http-nio-8083-exec-5] com.cg.movie.services.AdminServiceImpl : Top 3 Theatres returned successfully
 2020/08/15 23:28:52.087  INFO  -  [http-nio-8083-exec-1] com.cg.movie.services.AdminServiceImpl : Today's revenue is 420.2
 2020/08/15 23:30:49.974  INFO  -  [http-nio-8083-exec-3] com.cg.movie.services.AdminServiceImpl : Today's revenue is 420.2
 2020/08/15 23:31:00.592  INFO  -  [http-nio-8083-exec-5] com.cg.movie.services.AdminServiceImpl : Today's revenue is 420.2
 2020/08/15 23:32:07.899  INFO  -  [http-nio-8083-exec-7] com.cg.movie.services.AdminServiceImpl : Today's revenue is 420.2
 2020/08/15 23:32:10.760  INFO  -  [http-nio-8083-exec-9] com.cg.movie.services.AdminServiceImpl : Today's revenue is 420.2
 2020/08/15 23:32:14.555  INFO  -  [http-nio-8083-exec-10] com.cg.movie.services.AdminServiceImpl : Today's revenue is 420.2
 2020/08/15 23:32:20.207  INFO  -  [http-nio-8083-exec-2] com.cg.movie.services.AdminServiceImpl : Today's revenue is 420.2
 2020/08/15 23:32:20.218  INFO  -  [http-nio-8083-exec-3] com.cg.movie.services.AdminServiceImpl : 2 Bookings Today
 2020/08/15 23:32:26.250  INFO  -  [http-nio-8083-exec-5] com.cg.movie.services.AdminServiceImpl : 2 Bookings Today
 2020/08/15 23:32:26.252  INFO  -  [http-nio-8083-exec-4] com.cg.movie.services.AdminServiceImpl : Today's revenue is 420.2
 2020/08/15 23:32:30.431  INFO  -  [http-nio-8083-exec-8] com.cg.movie.services.AdminServiceImpl : Today's revenue is 420.2
 2020/08/15 23:32:30.432  INFO  -  [http-nio-8083-exec-9] com.cg.movie.services.AdminServiceImpl : 2 Bookings Today
 2020/08/15 23:32:34.604  INFO  -  [http-nio-8083-exec-1] com.cg.movie.services.AdminServiceImpl : 2 Bookings Today
 2020/08/15 23:32:34.604  INFO  -  [http-nio-8083-exec-10] com.cg.movie.services.AdminServiceImpl : Today's revenue is 420.2
 2020/08/15 23:32:38.064  INFO  -  [http-nio-8083-exec-2] com.cg.movie.services.AdminServiceImpl : Today's revenue is 420.2
 2020/08/15 23:32:38.065  INFO  -  [http-nio-8083-exec-3] com.cg.movie.services.AdminServiceImpl : 2 Bookings Today
 2020/08/15 23:33:15.995  INFO  -  [http-nio-8083-exec-6] com.cg.movie.services.AdminServiceImpl : Today's revenue is 420.2
 2020/08/15 23:33:15.995  INFO  -  [http-nio-8083-exec-7] com.cg.movie.services.AdminServiceImpl : 2 Bookings Today
 2020/08/15 23:33:23.139  INFO  -  [http-nio-8083-exec-1] com.cg.movie.services.AdminServiceImpl : 2 Bookings Today
 2020/08/15 23:33:23.139  INFO  -  [http-nio-8083-exec-10] com.cg.movie.services.AdminServiceImpl : Today's revenue is 420.2
 2020/08/15 23:33:27.861  INFO  -  [http-nio-8083-exec-2] com.cg.movie.services.AdminServiceImpl : Today's revenue is 420.2
 2020/08/15 23:33:27.863  INFO  -  [http-nio-8083-exec-3] com.cg.movie.services.AdminServiceImpl : 2 Bookings Today
 2020/08/15 23:33:27.931  INFO  -  [http-nio-8083-exec-5] com.cg.movie.services.AdminServiceImpl : 2 Theatres returned successfully
 2020/08/15 23:33:38.656  INFO  -  [http-nio-8083-exec-8] com.cg.movie.services.AdminServiceImpl : Today's revenue is 420.2
 2020/08/15 23:33:38.658  INFO  -  [http-nio-8083-exec-9] com.cg.movie.services.AdminServiceImpl : 2 Bookings Today
 2020/08/15 23:33:38.665  INFO  -  [http-nio-8083-exec-1] com.cg.movie.services.AdminServiceImpl : 2 Theatres returned successfully
 2020/08/15 23:33:41.409  INFO  -  [http-nio-8083-exec-6] com.cg.movie.services.AdminServiceImpl : 2 Bookings Today
 2020/08/15 23:33:41.412  INFO  -  [http-nio-8083-exec-5] com.cg.movie.services.AdminServiceImpl : Today's revenue is 420.2
 2020/08/15 23:33:41.420  INFO  -  [http-nio-8083-exec-4] com.cg.movie.services.AdminServiceImpl : 2 Theatres returned successfully
 2020/08/15 23:33:49.433  INFO  -  [http-nio-8083-exec-1] com.cg.movie.services.AdminServiceImpl : Today's revenue is 420.2
 2020/08/15 23:33:49.435  INFO  -  [http-nio-8083-exec-10] com.cg.movie.services.AdminServiceImpl : 2 Bookings Today
 2020/08/15 23:33:49.441  INFO  -  [http-nio-8083-exec-2] com.cg.movie.services.AdminServiceImpl : 2 Theatres returned successfully
 2020/08/15 23:33:54.537  INFO  -  [http-nio-8083-exec-3] com.cg.movie.services.AdminServiceImpl : Today's revenue is 420.2
 2020/08/15 23:33:54.538  INFO  -  [http-nio-8083-exec-6] com.cg.movie.services.AdminServiceImpl : 2 Bookings Today
 2020/08/15 23:33:54.543  INFO  -  [http-nio-8083-exec-5] com.cg.movie.services.AdminServiceImpl : 2 Theatres returned successfully
 2020/08/15 23:33:54.552  INFO  -  [http-nio-8083-exec-4] com.cg.movie.services.AdminServiceImpl : 2 Theatres returned successfully
 2020/08/15 23:34:10.850  INFO  -  [http-nio-8083-exec-1] com.cg.movie.services.AdminServiceImpl : Today's revenue is 420.2
 2020/08/15 23:34:10.856  INFO  -  [http-nio-8083-exec-3] com.cg.movie.services.AdminServiceImpl : 2 Theatres returned successfully
 2020/08/15 23:34:10.857  INFO  -  [http-nio-8083-exec-2] com.cg.movie.services.AdminServiceImpl : 2 Bookings Today
 2020/08/15 23:34:10.859  INFO  -  [http-nio-8083-exec-10] com.cg.movie.services.AdminServiceImpl : 2 Customers returned successfully
 2020/08/15 23:34:14.618  INFO  -  [http-nio-8083-exec-6] com.cg.movie.services.AdminServiceImpl : Today's revenue is 420.2
 2020/08/15 23:34:14.621  INFO  -  [http-nio-8083-exec-5] com.cg.movie.services.AdminServiceImpl : 2 Bookings Today
 2020/08/15 23:34:14.624  INFO  -  [http-nio-8083-exec-4] com.cg.movie.services.AdminServiceImpl : 2 Customers returned successfully
 2020/08/15 23:34:14.631  INFO  -  [http-nio-8083-exec-7] com.cg.movie.services.AdminServiceImpl : 2 Theatres returned successfully
 2020/08/15 23:34:29.572  INFO  -  [http-nio-8083-exec-2] com.cg.movie.services.AdminServiceImpl : Today's revenue is 420.2
 2020/08/15 23:34:29.576  INFO  -  [http-nio-8083-exec-10] com.cg.movie.services.AdminServiceImpl : 2 Bookings Today
 2020/08/15 23:34:29.581  INFO  -  [http-nio-8083-exec-2] com.cg.movie.services.AdminServiceImpl : 2 Customers returned successfully
 2020/08/15 23:34:29.581  INFO  -  [http-nio-8083-exec-6] com.cg.movie.services.AdminServiceImpl : 2 Theatres returned successfully
 2020/08/15 23:35:27.664  INFO  -  [http-nio-8083-exec-9] com.cg.movie.services.AdminServiceImpl : Today's revenue is 420.2
 2020/08/15 23:35:27.670  INFO  -  [http-nio-8083-exec-1] com.cg.movie.services.AdminServiceImpl : 2 Bookings Today
 2020/08/15 23:35:27.673  INFO  -  [http-nio-8083-exec-5] com.cg.movie.services.AdminServiceImpl : 2 Customers returned successfully
 2020/08/15 23:35:27.675  INFO  -  [http-nio-8083-exec-10] com.cg.movie.services.AdminServiceImpl : 2 Theatres returned successfully
 2020/08/15 23:35:58.908  INFO  -  [http-nio-8083-exec-8] com.cg.movie.services.AdminServiceImpl : 2 Bookings Today
 2020/08/15 23:35:58.908  INFO  -  [http-nio-8083-exec-3] com.cg.movie.services.AdminServiceImpl : Today's revenue is 420.2
 2020/08/15 23:35:58.909  INFO  -  [http-nio-8083-exec-9] com.cg.movie.services.AdminServiceImpl : 2 Customers returned successfully
 2020/08/15 23:35:58.915  INFO  -  [http-nio-8083-exec-1] com.cg.movie.services.AdminServiceImpl : 2 Theatres returned successfully
 2020/08/15 23:36:23.722  INFO  -  [http-nio-8083-exec-5] com.cg.movie.services.AdminServiceImpl : Today's revenue is 420.2
 2020/08/15 23:36:23.722  INFO  -  [http-nio-8083-exec-10] com.cg.movie.services.AdminServiceImpl : 2 Bookings Today
 2020/08/15 23:36:23.723  INFO  -  [http-nio-8083-exec-6] com.cg.movie.services.AdminServiceImpl : 2 Customers returned successfully
 2020/08/15 23:36:23.725  INFO  -  [http-nio-8083-exec-2] com.cg.movie.services.AdminServiceImpl : 2 Theatres returned successfully
 2020/08/15 23:36:38.706  INFO  -  [http-nio-8083-exec-7] com.cg.movie.services.AdminServiceImpl : 2 Bookings Today
 2020/08/15 23:36:38.706  INFO  -  [http-nio-8083-exec-4] com.cg.movie.services.AdminServiceImpl : Today's revenue is 420.2
 2020/08/15 23:36:38.708  INFO  -  [http-nio-8083-exec-8] com.cg.movie.services.AdminServiceImpl : 2 Customers returned successfully
 2020/08/15 23:36:38.709  INFO  -  [http-nio-8083-exec-3] com.cg.movie.services.AdminServiceImpl : 2 Theatres returned successfully
 2020/08/15 23:36:48.407  INFO  -  [http-nio-8083-exec-1] com.cg.movie.services.AdminServiceImpl : 2 Bookings Today
 2020/08/15 23:36:48.407  INFO  -  [http-nio-8083-exec-9] com.cg.movie.services.AdminServiceImpl : Today's revenue is 420.2
 2020/08/15 23:36:48.408  INFO  -  [http-nio-8083-exec-5] com.cg.movie.services.AdminServiceImpl : 2 Customers returned successfully
 2020/08/15 23:36:48.410  INFO  -  [http-nio-8083-exec-10] com.cg.movie.services.AdminServiceImpl : 2 Theatres returned successfully
 2020/08/15 23:37:06.549  INFO  -  [http-nio-8083-exec-6] com.cg.movie.services.AdminServiceImpl : Today's revenue is 420.2
 2020/08/15 23:37:06.551  INFO  -  [http-nio-8083-exec-2] com.cg.movie.services.AdminServiceImpl : 2 Bookings Today
 2020/08/15 23:37:06.551  INFO  -  [http-nio-8083-exec-4] com.cg.movie.services.AdminServiceImpl : 2 Customers returned successfully
 2020/08/15 23:37:06.556  INFO  -  [http-nio-8083-exec-7] com.cg.movie.services.AdminServiceImpl : 2 Theatres returned successfully
 2020/08/15 23:37:22.849  INFO  -  [http-nio-8083-exec-3] com.cg.movie.services.AdminServiceImpl : 2 Bookings Today
 2020/08/15 23:37:22.849  INFO  -  [http-nio-8083-exec-8] com.cg.movie.services.AdminServiceImpl : Today's revenue is 420.2
 2020/08/15 23:37:22.849  INFO  -  [http-nio-8083-exec-1] com.cg.movie.services.AdminServiceImpl : 2 Customers returned successfully
 2020/08/15 23:37:22.851  INFO  -  [http-nio-8083-exec-9] com.cg.movie.services.AdminServiceImpl : 2 Theatres returned successfully
 2020/08/15 23:37:37.378  INFO  -  [http-nio-8083-exec-10] com.cg.movie.services.AdminServiceImpl : 2 Bookings Today
 2020/08/15 23:37:37.378  INFO  -  [http-nio-8083-exec-5] com.cg.movie.services.AdminServiceImpl : Today's revenue is 420.2
 2020/08/15 23:37:37.379  INFO  -  [http-nio-8083-exec-6] com.cg.movie.services.AdminServiceImpl : 2 Customers returned successfully
 2020/08/15 23:37:37.383  INFO  -  [http-nio-8083-exec-2] com.cg.movie.services.AdminServiceImpl : Top0Theatres returned successfully
 2020/08/15 23:37:37.391  INFO  -  [http-nio-8083-exec-4] com.cg.movie.services.AdminServiceImpl : 2 Theatres returned successfully
 2020/08/15 23:37:48.381  INFO  -  [http-nio-8083-exec-8] com.cg.movie.services.AdminServiceImpl : 2 Bookings Today
 2020/08/15 23:37:48.381  INFO  -  [http-nio-8083-exec-7] com.cg.movie.services.AdminServiceImpl : Today's revenue is 420.2
 2020/08/15 23:37:48.382  INFO  -  [http-nio-8083-exec-3] com.cg.movie.services.AdminServiceImpl : 2 Customers returned successfully
 2020/08/15 23:37:48.386  INFO  -  [http-nio-8083-exec-1] com.cg.movie.services.AdminServiceImpl : 2 Theatres returned successfully
 2020/08/15 23:37:48.390  INFO  -  [http-nio-8083-exec-10] com.cg.movie.services.AdminServiceImpl : Top0Theatres returned successfully
 2020/08/15 23:37:48.404  INFO  -  [http-nio-8083-exec-9] com.cg.movie.services.AdminServiceImpl : Top 3 Movies returned successfully
 2020/08/15 23:37:58.029  INFO  -  [http-nio-8083-exec-5] com.cg.movie.services.AdminServiceImpl : Today's revenue is 420.2
 2020/08/15 23:37:58.030  INFO  -  [http-nio-8083-exec-8] com.cg.movie.services.AdminServiceImpl : Top0Theatres returned successfully
 2020/08/15 23:37:58.030  INFO  -  [http-nio-8083-exec-6] com.cg.movie.services.AdminServiceImpl : 2 Bookings Today
 2020/08/15 23:37:58.030  INFO  -  [http-nio-8083-exec-4] com.cg.movie.services.AdminServiceImpl : 2 Customers returned successfully
 2020/08/15 23:37:58.035  INFO  -  [http-nio-8083-exec-2] com.cg.movie.services.AdminServiceImpl : 2 Theatres returned successfully
 2020/08/15 23:37:58.039  INFO  -  [http-nio-8083-exec-7] com.cg.movie.services.AdminServiceImpl : Top 3 Movies returned successfully
 2020/08/15 23:38:50.180  INFO  -  [http-nio-8083-exec-4] com.cg.movie.services.AdminServiceImpl : Top0Theatres returned successfully
 2020/08/15 23:39:34.208  INFO  -  [http-nio-8083-exec-1] com.cg.movie.services.AdminServiceImpl : Top2Theatres returned successfully
 2020/08/15 23:39:58.770  INFO  -  [http-nio-8083-exec-7] com.cg.movie.services.AdminServiceImpl : Top2Theatres returned successfully
 2020/08/15 23:39:58.777  INFO  -  [http-nio-8083-exec-8] com.cg.movie.services.AdminServiceImpl : Top 3 Movies returned successfully
 2020/08/15 23:39:58.788  INFO  -  [http-nio-8083-exec-6] com.cg.movie.services.AdminServiceImpl : 2 Theatres returned successfully
 2020/08/15 23:39:58.789  INFO  -  [http-nio-8083-exec-3] com.cg.movie.services.AdminServiceImpl : 2 Customers returned successfully
 2020/08/15 23:39:58.796  INFO  -  [http-nio-8083-exec-4] com.cg.movie.services.AdminServiceImpl : Today's revenue is 420.2
 2020/08/15 23:39:58.797  INFO  -  [http-nio-8083-exec-5] com.cg.movie.services.AdminServiceImpl : 2 Bookings Today
 2020/08/15 23:40:16.376  INFO  -  [http-nio-8083-exec-6] com.cg.movie.services.AdminServiceImpl : Today's revenue is 420.2
 2020/08/15 23:40:16.377  INFO  -  [http-nio-8083-exec-5] com.cg.movie.services.AdminServiceImpl : 2 Customers returned successfully
 2020/08/15 23:40:16.377  INFO  -  [http-nio-8083-exec-3] com.cg.movie.services.AdminServiceImpl : 2 Bookings Today
 2020/08/15 23:40:16.382  INFO  -  [http-nio-8083-exec-4] com.cg.movie.services.AdminServiceImpl : 2 Theatres returned successfully
 2020/08/15 23:40:16.384  INFO  -  [http-nio-8083-exec-9] com.cg.movie.services.AdminServiceImpl : Top2Theatres returned successfully
 2020/08/15 23:40:16.384  INFO  -  [http-nio-8083-exec-1] com.cg.movie.services.AdminServiceImpl : Top 3 Movies returned successfully
 2020/08/15 23:40:36.709  INFO  -  [http-nio-8083-exec-4] com.cg.movie.services.AdminServiceImpl : Today's revenue is 420.2
 2020/08/15 23:40:36.713  INFO  -  [http-nio-8083-exec-1] com.cg.movie.services.AdminServiceImpl : 2 Customers returned successfully
 2020/08/15 23:40:36.713  INFO  -  [http-nio-8083-exec-9] com.cg.movie.services.AdminServiceImpl : 2 Bookings Today
 2020/08/15 23:40:36.715  INFO  -  [http-nio-8083-exec-6] com.cg.movie.services.AdminServiceImpl : 2 Theatres returned successfully
 2020/08/15 23:40:36.716  INFO  -  [http-nio-8083-exec-2] com.cg.movie.services.AdminServiceImpl : Top 3 Movies returned successfully
 2020/08/15 23:40:36.717  INFO  -  [http-nio-8083-exec-5] com.cg.movie.services.AdminServiceImpl : Top2Theatres returned successfully
 2020/08/15 23:40:47.411  INFO  -  [http-nio-8083-exec-9] com.cg.movie.services.AdminServiceImpl : Today's revenue is 420.2
 2020/08/15 23:40:47.411  INFO  -  [http-nio-8083-exec-6] com.cg.movie.services.AdminServiceImpl : 2 Bookings Today
 2020/08/15 23:40:47.413  INFO  -  [http-nio-8083-exec-5] com.cg.movie.services.AdminServiceImpl : 2 Customers returned successfully
 2020/08/15 23:40:47.415  INFO  -  [http-nio-8083-exec-2] com.cg.movie.services.AdminServiceImpl : 2 Theatres returned successfully
 2020/08/15 23:40:47.415  INFO  -  [http-nio-8083-exec-8] com.cg.movie.services.AdminServiceImpl : Top2Theatres returned successfully
 2020/08/15 23:40:47.426  INFO  -  [http-nio-8083-exec-10] com.cg.movie.services.AdminServiceImpl : Top 3 Movies returned successfully
 2020/08/15 23:41:02.916  INFO  -  [http-nio-8083-exec-2] com.cg.movie.services.AdminServiceImpl : 2 Bookings Today
 2020/08/15 23:41:02.916  INFO  -  [http-nio-8083-exec-5] com.cg.movie.services.AdminServiceImpl : Today's revenue is 420.2
 2020/08/15 23:41:02.918  INFO  -  [http-nio-8083-exec-8] com.cg.movie.services.AdminServiceImpl : 2 Customers returned successfully
 2020/08/15 23:41:02.926  INFO  -  [http-nio-8083-exec-10] com.cg.movie.services.AdminServiceImpl : 2 Theatres returned successfully
 2020/08/15 23:41:02.926  INFO  -  [http-nio-8083-exec-6] com.cg.movie.services.AdminServiceImpl : Top2Theatres returned successfully
 2020/08/15 23:41:02.930  INFO  -  [http-nio-8083-exec-3] com.cg.movie.services.AdminServiceImpl : Top 3 Movies returned successfully
 2020/08/15 23:41:04.168  INFO  -  [http-nio-8083-exec-9] com.cg.movie.services.AdminServiceImpl : 2 Bookings Today
 2020/08/15 23:41:04.168  INFO  -  [http-nio-8083-exec-1] com.cg.movie.services.AdminServiceImpl : Today's revenue is 420.2
 2020/08/15 23:41:04.170  INFO  -  [http-nio-8083-exec-7] com.cg.movie.services.AdminServiceImpl : 2 Customers returned successfully
 2020/08/15 23:41:04.172  INFO  -  [http-nio-8083-exec-2] com.cg.movie.services.AdminServiceImpl : Top2Theatres returned successfully
 2020/08/15 23:41:04.172  INFO  -  [http-nio-8083-exec-4] com.cg.movie.services.AdminServiceImpl : 2 Theatres returned successfully
 2020/08/15 23:41:04.177  INFO  -  [http-nio-8083-exec-5] com.cg.movie.services.AdminServiceImpl : Top 3 Movies returned successfully
 2020/08/15 23:41:33.472  INFO  -  [http-nio-8083-exec-7] com.cg.movie.services.AdminServiceImpl : Today's revenue is 420.2
 2020/08/15 23:41:33.473  INFO  -  [http-nio-8083-exec-2] com.cg.movie.services.AdminServiceImpl : 2 Bookings Today
 2020/08/15 23:41:33.474  INFO  -  [http-nio-8083-exec-4] com.cg.movie.services.AdminServiceImpl : 2 Customers returned successfully
 2020/08/15 23:41:33.477  INFO  -  [http-nio-8083-exec-5] com.cg.movie.services.AdminServiceImpl : 2 Theatres returned successfully
 2020/08/15 23:41:33.478  INFO  -  [http-nio-8083-exec-10] com.cg.movie.services.AdminServiceImpl : Top2Theatres returned successfully
 2020/08/15 23:41:33.482  INFO  -  [http-nio-8083-exec-1] com.cg.movie.services.AdminServiceImpl : Top 3 Movies returned successfully
 2020/08/15 23:41:44.387  INFO  -  [http-nio-8083-exec-4] com.cg.movie.services.AdminServiceImpl : Today's revenue is 420.2
 2020/08/15 23:41:44.392  INFO  -  [http-nio-8083-exec-10] com.cg.movie.services.AdminServiceImpl : 2 Customers returned successfully
 2020/08/15 23:41:44.393  INFO  -  [http-nio-8083-exec-1] com.cg.movie.services.AdminServiceImpl : 2 Theatres returned successfully
 2020/08/15 23:41:44.393  INFO  -  [http-nio-8083-exec-5] com.cg.movie.services.AdminServiceImpl : 2 Bookings Today
 2020/08/15 23:41:44.394  INFO  -  [http-nio-8083-exec-3] com.cg.movie.services.AdminServiceImpl : Top2Theatres returned successfully
 2020/08/15 23:41:44.396  INFO  -  [http-nio-8083-exec-6] com.cg.movie.services.AdminServiceImpl : Top 3 Movies returned successfully
 2020/08/15 23:41:47.165  INFO  -  [http-nio-8083-exec-9] com.cg.movie.services.AdminServiceImpl : 2 Bookings Today
 2020/08/15 23:41:47.165  INFO  -  [http-nio-8083-exec-2] com.cg.movie.services.AdminServiceImpl : Today's revenue is 420.2
 2020/08/15 23:41:47.166  INFO  -  [http-nio-8083-exec-7] com.cg.movie.services.AdminServiceImpl : 2 Customers returned successfully
 2020/08/15 23:41:47.168  INFO  -  [http-nio-8083-exec-4] com.cg.movie.services.AdminServiceImpl : Top2Theatres returned successfully
 2020/08/15 23:41:47.170  INFO  -  [http-nio-8083-exec-8] com.cg.movie.services.AdminServiceImpl : 2 Theatres returned successfully
 2020/08/15 23:41:47.171  INFO  -  [http-nio-8083-exec-1] com.cg.movie.services.AdminServiceImpl : Top 3 Movies returned successfully
 2020/08/15 23:41:49.754  INFO  -  [http-nio-8083-exec-3] com.cg.movie.services.AdminServiceImpl : Today's revenue is 420.2
 2020/08/15 23:41:49.755  INFO  -  [http-nio-8083-exec-5] com.cg.movie.services.AdminServiceImpl : 2 Bookings Today
 2020/08/15 23:41:49.767  INFO  -  [http-nio-8083-exec-10] com.cg.movie.services.AdminServiceImpl : 2 Customers returned successfully
 2020/08/15 23:41:49.771  INFO  -  [http-nio-8083-exec-9] com.cg.movie.services.AdminServiceImpl : Top2Theatres returned successfully
 2020/08/15 23:41:49.775  INFO  -  [http-nio-8083-exec-6] com.cg.movie.services.AdminServiceImpl : 2 Theatres returned successfully
 2020/08/15 23:41:49.780  INFO  -  [http-nio-8083-exec-2] com.cg.movie.services.AdminServiceImpl : Top 3 Movies returned successfully
 2020/08/15 23:41:56.824  INFO  -  [http-nio-8083-exec-10] com.cg.movie.services.AdminServiceImpl : Today's revenue is 420.2
 2020/08/15 23:41:56.824  INFO  -  [http-nio-8083-exec-6] com.cg.movie.services.AdminServiceImpl : 2 Customers returned successfully
 2020/08/15 23:41:56.825  INFO  -  [http-nio-8083-exec-9] com.cg.movie.services.AdminServiceImpl : 2 Bookings Today
 2020/08/15 23:41:56.826  INFO  -  [http-nio-8083-exec-2] com.cg.movie.services.AdminServiceImpl : 2 Theatres returned successfully
 2020/08/15 23:41:56.826  INFO  -  [http-nio-8083-exec-8] com.cg.movie.services.AdminServiceImpl : Top2Theatres returned successfully
 2020/08/15 23:41:56.832  INFO  -  [http-nio-8083-exec-4] com.cg.movie.services.AdminServiceImpl : Top 3 Movies returned successfully
 2020/08/15 23:42:03.111  INFO  -  [http-nio-8083-exec-9] com.cg.movie.services.AdminServiceImpl : Today's revenue is 420.2
 2020/08/15 23:42:03.113  INFO  -  [http-nio-8083-exec-2] com.cg.movie.services.AdminServiceImpl : 2 Bookings Today
 2020/08/15 23:42:03.114  INFO  -  [http-nio-8083-exec-8] com.cg.movie.services.AdminServiceImpl : 2 Customers returned successfully
 2020/08/15 23:42:03.116  INFO  -  [http-nio-8083-exec-10] com.cg.movie.services.AdminServiceImpl : Top2Theatres returned successfully
 2020/08/15 23:42:03.117  INFO  -  [http-nio-8083-exec-4] com.cg.movie.services.AdminServiceImpl : 2 Theatres returned successfully
 2020/08/15 23:42:03.119  INFO  -  [http-nio-8083-exec-3] com.cg.movie.services.AdminServiceImpl : Top 3 Movies returned successfully
 2020/08/15 23:42:06.758  INFO  -  [http-nio-8083-exec-1] com.cg.movie.services.AdminServiceImpl : 2 Customers returned successfully
 2020/08/15 23:42:06.759  INFO  -  [http-nio-8083-exec-6] com.cg.movie.services.AdminServiceImpl : Today's revenue is 420.2
 2020/08/15 23:42:06.759  INFO  -  [http-nio-8083-exec-7] com.cg.movie.services.AdminServiceImpl : 2 Bookings Today
 2020/08/15 23:42:06.760  INFO  -  [http-nio-8083-exec-9] com.cg.movie.services.AdminServiceImpl : 2 Theatres returned successfully
 2020/08/15 23:42:06.760  INFO  -  [http-nio-8083-exec-5] com.cg.movie.services.AdminServiceImpl : Top2Theatres returned successfully
 2020/08/15 23:42:06.769  INFO  -  [http-nio-8083-exec-2] com.cg.movie.services.AdminServiceImpl : Top 3 Movies returned successfully
 2020/08/15 23:42:09.488  INFO  -  [http-nio-8083-exec-10] com.cg.movie.services.AdminServiceImpl : 2 Bookings Today
 2020/08/15 23:42:09.488  INFO  -  [http-nio-8083-exec-8] com.cg.movie.services.AdminServiceImpl : Today's revenue is 420.2
 2020/08/15 23:42:09.490  INFO  -  [http-nio-8083-exec-4] com.cg.movie.services.AdminServiceImpl : 2 Customers returned successfully
 2020/08/15 23:42:09.491  INFO  -  [http-nio-8083-exec-3] com.cg.movie.services.AdminServiceImpl : 2 Theatres returned successfully
 2020/08/15 23:42:09.492  INFO  -  [http-nio-8083-exec-1] com.cg.movie.services.AdminServiceImpl : Top2Theatres returned successfully
 2020/08/15 23:42:09.493  INFO  -  [http-nio-8083-exec-7] com.cg.movie.services.AdminServiceImpl : Top 3 Movies returned successfully
 2020/08/15 23:42:26.286  INFO  -  [http-nio-8083-exec-4] com.cg.movie.services.AdminServiceImpl : Today's revenue is 420.2
 2020/08/15 23:42:26.288  INFO  -  [http-nio-8083-exec-3] com.cg.movie.services.AdminServiceImpl : 2 Bookings Today
 2020/08/15 23:42:26.288  INFO  -  [http-nio-8083-exec-1] com.cg.movie.services.AdminServiceImpl : 2 Customers returned successfully
 2020/08/15 23:42:26.293  INFO  -  [http-nio-8083-exec-7] com.cg.movie.services.AdminServiceImpl : 2 Theatres returned successfully
 2020/08/15 23:42:26.294  INFO  -  [http-nio-8083-exec-9] com.cg.movie.services.AdminServiceImpl : Top 3 Movies returned successfully
 2020/08/15 23:42:26.294  INFO  -  [http-nio-8083-exec-5] com.cg.movie.services.AdminServiceImpl : Top2Theatres returned successfully
 2020/08/15 23:42:32.699  INFO  -  [http-nio-8083-exec-7] com.cg.movie.services.AdminServiceImpl : 2 Bookings Today
 2020/08/15 23:42:32.701  INFO  -  [http-nio-8083-exec-1] com.cg.movie.services.AdminServiceImpl : Today's revenue is 420.2
 2020/08/15 23:42:32.703  INFO  -  [http-nio-8083-exec-9] com.cg.movie.services.AdminServiceImpl : 2 Customers returned successfully
 2020/08/15 23:42:32.704  INFO  -  [http-nio-8083-exec-5] com.cg.movie.services.AdminServiceImpl : 2 Theatres returned successfully
 2020/08/15 23:42:32.704  INFO  -  [http-nio-8083-exec-6] com.cg.movie.services.AdminServiceImpl : Top2Theatres returned successfully
 2020/08/15 23:42:32.719  INFO  -  [http-nio-8083-exec-7] com.cg.movie.services.AdminServiceImpl : Top 3 Movies returned successfully
 2020/08/15 23:42:57.729  INFO  -  [http-nio-8083-exec-6] com.cg.movie.services.AdminServiceImpl : Today's revenue is 420.2
 2020/08/15 23:42:57.729  INFO  -  [http-nio-8083-exec-5] com.cg.movie.services.AdminServiceImpl : 2 Bookings Today
 2020/08/15 23:42:57.730  INFO  -  [http-nio-8083-exec-2] com.cg.movie.services.AdminServiceImpl : 2 Customers returned successfully
 2020/08/15 23:42:57.732  INFO  -  [http-nio-8083-exec-7] com.cg.movie.services.AdminServiceImpl : 2 Theatres returned successfully
 2020/08/15 23:42:57.734  INFO  -  [http-nio-8083-exec-8] com.cg.movie.services.AdminServiceImpl : Top2Theatres returned successfully
 2020/08/15 23:42:57.736  INFO  -  [http-nio-8083-exec-3] com.cg.movie.services.AdminServiceImpl : Top 3 Movies returned successfully
 2020/08/15 23:43:02.485  INFO  -  [http-nio-8083-exec-9] com.cg.movie.services.AdminServiceImpl : Today's revenue is 420.2
 2020/08/15 23:43:02.485  INFO  -  [http-nio-8083-exec-1] com.cg.movie.services.AdminServiceImpl : 2 Customers returned successfully
 2020/08/15 23:43:02.485  INFO  -  [http-nio-8083-exec-10] com.cg.movie.services.AdminServiceImpl : 2 Bookings Today
 2020/08/15 23:43:02.508  INFO  -  [http-nio-8083-exec-4] com.cg.movie.services.AdminServiceImpl : 2 Theatres returned successfully
 2020/08/15 23:43:02.508  INFO  -  [http-nio-8083-exec-6] com.cg.movie.services.AdminServiceImpl : Top2Theatres returned successfully
 2020/08/15 23:43:02.510  INFO  -  [http-nio-8083-exec-5] com.cg.movie.services.AdminServiceImpl : Top 3 Movies returned successfully
 2020/08/16 00:01:42.894  INFO  -  [http-nio-8083-exec-5] com.cg.movie.services.AdminServiceImpl : Today's revenue is 420.2
 2020/08/16 00:01:42.895  INFO  -  [http-nio-8083-exec-9] com.cg.movie.services.AdminServiceImpl : 2 Customers returned successfully
 2020/08/16 00:01:42.895  INFO  -  [http-nio-8083-exec-2] com.cg.movie.services.AdminServiceImpl : 2 Bookings Today
 2020/08/16 00:01:42.896  INFO  -  [http-nio-8083-exec-3] com.cg.movie.services.AdminServiceImpl : 2 Theatres returned successfully
 2020/08/16 00:01:42.898  INFO  -  [http-nio-8083-exec-7] com.cg.movie.services.AdminServiceImpl : Top2Theatres returned successfully
 2020/08/16 00:01:42.901  INFO  -  [http-nio-8083-exec-8] com.cg.movie.services.AdminServiceImpl : Top 3 Movies returned successfully
 2020/08/16 00:02:15.231  INFO  -  [http-nio-8083-exec-3] com.cg.movie.services.AdminServiceImpl : 2 Bookings Today
 2020/08/16 00:02:15.231  INFO  -  [http-nio-8083-exec-9] com.cg.movie.services.AdminServiceImpl : Today's revenue is 420.2
 2020/08/16 00:02:15.232  INFO  -  [http-nio-8083-exec-7] com.cg.movie.services.AdminServiceImpl : 2 Customers returned successfully
 2020/08/16 00:02:15.234  INFO  -  [http-nio-8083-exec-8] com.cg.movie.services.AdminServiceImpl : 2 Theatres returned successfully
 2020/08/16 00:02:15.259  INFO  -  [http-nio-8083-exec-4] com.cg.movie.services.AdminServiceImpl : Top2Theatres returned successfully
 2020/08/16 00:02:15.259  INFO  -  [http-nio-8083-exec-6] com.cg.movie.services.AdminServiceImpl : Top 3 Movies returned successfully
 2020/08/16 00:02:45.149  INFO  -  [http-nio-8083-exec-3] com.cg.movie.services.AdminServiceImpl : Today's revenue is 420.2
 2020/08/16 00:02:45.150  INFO  -  [http-nio-8083-exec-9] com.cg.movie.services.AdminServiceImpl : 2 Bookings Today
 2020/08/16 00:02:45.153  INFO  -  [http-nio-8083-exec-7] com.cg.movie.services.AdminServiceImpl : 2 Customers returned successfully
 2020/08/16 00:02:45.155  INFO  -  [http-nio-8083-exec-8] com.cg.movie.services.AdminServiceImpl : 2 Theatres returned successfully
 2020/08/16 00:02:45.156  INFO  -  [http-nio-8083-exec-6] com.cg.movie.services.AdminServiceImpl : Top 3 Movies returned successfully
 2020/08/16 00:02:45.158  INFO  -  [http-nio-8083-exec-4] com.cg.movie.services.AdminServiceImpl : Top2Theatres returned successfully
 2020/08/16 00:03:37.029  INFO  -  [http-nio-8083-exec-7] com.cg.movie.services.AdminServiceImpl : Today's revenue is 420.2
 2020/08/16 00:03:37.031  INFO  -  [http-nio-8083-exec-8] com.cg.movie.services.AdminServiceImpl : 2 Bookings Today
 2020/08/16 00:03:37.035  INFO  -  [http-nio-8083-exec-6] com.cg.movie.services.AdminServiceImpl : 2 Customers returned successfully
 2020/08/16 00:03:37.037  INFO  -  [http-nio-8083-exec-4] com.cg.movie.services.AdminServiceImpl : 2 Theatres returned successfully
 2020/08/16 00:03:37.038  INFO  -  [http-nio-8083-exec-1] com.cg.movie.services.AdminServiceImpl : Top2Theatres returned successfully
 2020/08/16 00:03:37.039  INFO  -  [http-nio-8083-exec-9] com.cg.movie.services.AdminServiceImpl : Top 3 Movies returned successfully
 2020/08/16 00:03:54.872  INFO  -  [http-nio-8083-exec-6] com.cg.movie.services.AdminServiceImpl : Today's revenue is 420.2
 2020/08/16 00:03:54.873  INFO  -  [http-nio-8083-exec-4] com.cg.movie.services.AdminServiceImpl : 2 Bookings Today
 2020/08/16 00:03:54.873  INFO  -  [http-nio-8083-exec-1] com.cg.movie.services.AdminServiceImpl : 2 Customers returned successfully
 2020/08/16 00:03:54.878  INFO  -  [http-nio-8083-exec-9] com.cg.movie.services.AdminServiceImpl : 2 Theatres returned successfully
 2020/08/16 00:03:54.878  INFO  -  [http-nio-8083-exec-3] com.cg.movie.services.AdminServiceImpl : Top2Theatres returned successfully
 2020/08/16 00:03:54.879  INFO  -  [http-nio-8083-exec-10] com.cg.movie.services.AdminServiceImpl : Top 3 Movies returned successfully
 2020/08/16 00:04:01.283  INFO  -  [http-nio-8083-exec-2] com.cg.movie.services.AdminServiceImpl : 2 Bookings Today
 2020/08/16 00:04:01.283  INFO  -  [http-nio-8083-exec-8] com.cg.movie.services.AdminServiceImpl : 2 Customers returned successfully
 2020/08/16 00:04:01.284  INFO  -  [http-nio-8083-exec-7] com.cg.movie.services.AdminServiceImpl : Today's revenue is 420.2
 2020/08/16 00:04:01.286  INFO  -  [http-nio-8083-exec-5] com.cg.movie.services.AdminServiceImpl : 2 Theatres returned successfully
 2020/08/16 00:04:01.291  INFO  -  [http-nio-8083-exec-4] com.cg.movie.services.AdminServiceImpl : Top2Theatres returned successfully
 2020/08/16 00:04:01.291  INFO  -  [http-nio-8083-exec-6] com.cg.movie.services.AdminServiceImpl : Top 3 Movies returned successfully
 2020/08/16 00:04:10.266  INFO  -  [http-nio-8083-exec-7] com.cg.movie.services.AdminServiceImpl : Today's revenue is 420.2
 2020/08/16 00:04:10.270  INFO  -  [http-nio-8083-exec-5] com.cg.movie.services.AdminServiceImpl : 2 Bookings Today
 2020/08/16 00:04:10.271  INFO  -  [http-nio-8083-exec-4] com.cg.movie.services.AdminServiceImpl : 2 Customers returned successfully
 2020/08/16 00:04:10.272  INFO  -  [http-nio-8083-exec-6] com.cg.movie.services.AdminServiceImpl : 2 Theatres returned successfully
 2020/08/16 00:04:10.272  INFO  -  [http-nio-8083-exec-8] com.cg.movie.services.AdminServiceImpl : Top2Theatres returned successfully
 2020/08/16 00:04:10.275  INFO  -  [http-nio-8083-exec-7] com.cg.movie.services.AdminServiceImpl : Top 3 Movies returned successfully
 2020/08/16 00:04:33.849  INFO  -  [http-nio-8083-exec-4] com.cg.movie.services.AdminServiceImpl : Today's revenue is 420.2
 2020/08/16 00:04:33.850  INFO  -  [http-nio-8083-exec-6] com.cg.movie.services.AdminServiceImpl : 2 Bookings Today
 2020/08/16 00:04:33.852  INFO  -  [http-nio-8083-exec-8] com.cg.movie.services.AdminServiceImpl : 2 Customers returned successfully
 2020/08/16 00:04:33.854  INFO  -  [http-nio-8083-exec-7] com.cg.movie.services.AdminServiceImpl : 2 Theatres returned successfully
 2020/08/16 00:04:33.854  INFO  -  [http-nio-8083-exec-2] com.cg.movie.services.AdminServiceImpl : Top2Theatres returned successfully
 2020/08/16 00:04:33.857  INFO  -  [http-nio-8083-exec-3] com.cg.movie.services.AdminServiceImpl : Top 3 Movies returned successfully
 2020/08/16 00:04:47.427  INFO  -  [http-nio-8083-exec-2] com.cg.movie.services.AdminServiceImpl : 2 Bookings Today
 2020/08/16 00:04:47.427  INFO  -  [http-nio-8083-exec-8] com.cg.movie.services.AdminServiceImpl : Today's revenue is 420.2
 2020/08/16 00:04:47.430  INFO  -  [http-nio-8083-exec-7] com.cg.movie.services.AdminServiceImpl : 2 Customers returned successfully
 2020/08/16 00:04:47.431  INFO  -  [http-nio-8083-exec-3] com.cg.movie.services.AdminServiceImpl : 2 Theatres returned successfully
 2020/08/16 00:04:47.432  INFO  -  [http-nio-8083-exec-1] com.cg.movie.services.AdminServiceImpl : Top2Theatres returned successfully
 2020/08/16 00:04:47.435  INFO  -  [http-nio-8083-exec-5] com.cg.movie.services.AdminServiceImpl : Top 3 Movies returned successfully
 2020/08/16 00:04:48.602  INFO  -  [http-nio-8083-exec-9] com.cg.movie.services.AdminServiceImpl : Today's revenue is 420.2
 2020/08/16 00:04:48.607  INFO  -  [http-nio-8083-exec-9] com.cg.movie.services.AdminServiceImpl : 2 Bookings Today
 2020/08/16 00:04:48.614  INFO  -  [http-nio-8083-exec-9] com.cg.movie.services.AdminServiceImpl : 2 Customers returned successfully
 2020/08/16 00:04:48.621  INFO  -  [http-nio-8083-exec-9] com.cg.movie.services.AdminServiceImpl : 2 Theatres returned successfully
 2020/08/16 00:04:48.621  INFO  -  [http-nio-8083-exec-10] com.cg.movie.services.AdminServiceImpl : Top2Theatres returned successfully
 2020/08/16 00:04:48.626  INFO  -  [http-nio-8083-exec-2] com.cg.movie.services.AdminServiceImpl : Top 3 Movies returned successfully
 2020/08/16 00:05:01.673  INFO  -  [http-nio-8083-exec-8] com.cg.movie.services.AdminServiceImpl : Today's revenue is 420.2
 2020/08/16 00:05:01.675  INFO  -  [http-nio-8083-exec-10] com.cg.movie.services.AdminServiceImpl : 2 Bookings Today
 2020/08/16 00:05:01.679  INFO  -  [http-nio-8083-exec-9] com.cg.movie.services.AdminServiceImpl : 2 Customers returned successfully
 2020/08/16 00:05:01.687  INFO  -  [http-nio-8083-exec-2] com.cg.movie.services.AdminServiceImpl : 2 Theatres returned successfully
 2020/08/16 00:05:01.691  INFO  -  [http-nio-8083-exec-6] com.cg.movie.services.AdminServiceImpl : Top2Theatres returned successfully
 2020/08/16 00:05:01.694  INFO  -  [http-nio-8083-exec-5] com.cg.movie.services.AdminServiceImpl : Top 3 Movies returned successfully
 2020/08/16 00:05:13.891  INFO  -  [http-nio-8083-exec-8] com.cg.movie.services.AdminServiceImpl : Today's revenue is 420.2
 2020/08/16 00:05:13.894  INFO  -  [http-nio-8083-exec-10] com.cg.movie.services.AdminServiceImpl : 2 Bookings Today
 2020/08/16 00:05:13.897  INFO  -  [http-nio-8083-exec-9] com.cg.movie.services.AdminServiceImpl : 2 Customers returned successfully
 2020/08/16 00:05:13.900  INFO  -  [http-nio-8083-exec-2] com.cg.movie.services.AdminServiceImpl : 2 Theatres returned successfully
 2020/08/16 00:05:13.911  INFO  -  [http-nio-8083-exec-6] com.cg.movie.services.AdminServiceImpl : Top2Theatres returned successfully
 2020/08/16 00:05:13.914  INFO  -  [http-nio-8083-exec-5] com.cg.movie.services.AdminServiceImpl : Top 3 Movies returned successfully
 2020/08/16 00:37:32.692  INFO  -  [http-nio-8083-exec-8] com.cg.movie.services.AdminServiceImpl : 2 Males, 0 Females, 0 Others returned successfully
 2020/08/16 00:37:48.173  INFO  -  [http-nio-8083-exec-9] com.cg.movie.services.AdminServiceImpl : 2 Males, 0 Females, 0 Others returned successfully
 2020/08/16 00:37:57.568  INFO  -  [http-nio-8083-exec-6] com.cg.movie.services.AdminServiceImpl : 2 Males, 0 Females, 0 Others returned successfully
 2020/08/16 00:38:31.773  INFO  -  [http-nio-8083-exec-7] com.cg.movie.services.AdminServiceImpl : 2 Males, 0 Females, 0 Others returned successfully
 2020/08/16 00:38:45.195  INFO  -  [http-nio-8083-exec-3] com.cg.movie.services.AdminServiceImpl : 2 Males, 0 Females, 0 Others returned successfully
 2020/08/16 00:38:50.028  INFO  -  [http-nio-8083-exec-4] com.cg.movie.services.AdminServiceImpl : 2 Males, 0 Females, 0 Others returned successfully
 2020/08/16 00:39:32.727  INFO  -  [http-nio-8083-exec-10] com.cg.movie.services.AdminServiceImpl : 2 Males, 0 Females, 0 Others returned successfully
 2020/08/16 00:39:52.044  INFO  -  [http-nio-8083-exec-9] com.cg.movie.services.AdminServiceImpl : 2 Males, 0 Females, 0 Others returned successfully
 2020/08/16 00:39:52.796  INFO  -  [http-nio-8083-exec-2] com.cg.movie.services.AdminServiceImpl : 2 Males, 0 Females, 0 Others returned successfully
 2020/08/16 00:40:09.108  INFO  -  [http-nio-8083-exec-6] com.cg.movie.services.AdminServiceImpl : 2 Males, 0 Females, 0 Others returned successfully
 2020/08/16 00:40:44.887  INFO  -  [http-nio-8083-exec-7] com.cg.movie.services.AdminServiceImpl : 2 Males, 0 Females, 0 Others returned successfully
 2020/08/16 00:40:58.231  INFO  -  [http-nio-8083-exec-1] com.cg.movie.services.AdminServiceImpl : 2 Males, 0 Females, 0 Others returned successfully
 2020/08/16 00:41:02.657  INFO  -  [http-nio-8083-exec-3] com.cg.movie.services.AdminServiceImpl : 2 Males, 0 Females, 0 Others returned successfully
 2020/08/16 00:42:51.577  INFO  -  [http-nio-8083-exec-8] com.cg.movie.services.AdminServiceImpl : 2 Males, 0 Females, 0 Others returned successfully
 2020/08/16 00:42:54.825  INFO  -  [http-nio-8083-exec-10] com.cg.movie.services.AdminServiceImpl : 2 Males, 0 Females, 0 Others returned successfully
 2020/08/16 00:43:20.403  INFO  -  [http-nio-8083-exec-2] com.cg.movie.services.AdminServiceImpl : 2 Males, 0 Females, 0 Others returned successfully
 2020/08/16 00:43:28.896  INFO  -  [http-nio-8083-exec-6] com.cg.movie.services.AdminServiceImpl : 2 Males, 0 Females, 0 Others returned successfully
 2020/08/16 00:43:33.583  INFO  -  [http-nio-8083-exec-5] com.cg.movie.services.AdminServiceImpl : 2 Males, 0 Females, 0 Others returned successfully
 2020/08/16 00:43:37.555  INFO  -  [http-nio-8083-exec-7] com.cg.movie.services.AdminServiceImpl : 2 Males, 0 Females, 0 Others returned successfully
 2020/08/16 00:43:39.936  INFO  -  [http-nio-8083-exec-1] com.cg.movie.services.AdminServiceImpl : 2 Males, 0 Females, 0 Others returned successfully
 2020/08/16 00:43:44.394  INFO  -  [http-nio-8083-exec-4] com.cg.movie.services.AdminServiceImpl : 2 Males, 0 Females, 0 Others returned successfully
 2020/08/16 00:43:47.071  INFO  -  [http-nio-8083-exec-8] com.cg.movie.services.AdminServiceImpl : 2 Males, 0 Females, 0 Others returned successfully
 2020/08/16 00:43:53.315  INFO  -  [http-nio-8083-exec-9] com.cg.movie.services.AdminServiceImpl : 2 Males, 0 Females, 0 Others returned successfully
 2020/08/16 00:43:56.817  INFO  -  [http-nio-8083-exec-2] com.cg.movie.services.AdminServiceImpl : 2 Males, 0 Females, 0 Others returned successfully
 2020/08/16 00:43:59.555  INFO  -  [http-nio-8083-exec-6] com.cg.movie.services.AdminServiceImpl : 2 Males, 0 Females, 0 Others returned successfully
 2020/08/16 00:44:51.190  INFO  -  [http-nio-8083-exec-7] com.cg.movie.services.AdminServiceImpl : 2 Males, 0 Females, 0 Others returned successfully
 2020/08/16 00:45:39.708  INFO  -  [http-nio-8083-exec-3] com.cg.movie.services.AdminServiceImpl : 2 Males, 0 Females, 0 Others returned successfully
 2020/08/16 00:45:51.704  INFO  -  [http-nio-8083-exec-8] com.cg.movie.services.AdminServiceImpl : 2 Males, 0 Females, 0 Others returned successfully
 2020/08/16 00:46:18.886  INFO  -  [http-nio-8083-exec-9] com.cg.movie.services.AdminServiceImpl : 2 Males, 0 Females, 0 Others returned successfully
 2020/08/16 00:47:17.980  INFO  -  [http-nio-8083-exec-6] com.cg.movie.services.AdminServiceImpl : 2 Males, 0 Females, 0 Others returned successfully
 2020/08/16 00:47:32.128  INFO  -  [http-nio-8083-exec-7] com.cg.movie.services.AdminServiceImpl : 2 Males, 0 Females, 0 Others returned successfully
 2020/08/16 00:47:52.708  INFO  -  [http-nio-8083-exec-1] com.cg.movie.services.AdminServiceImpl : 2 Males, 0 Females, 0 Others returned successfully
 2020/08/16 00:48:33.235  INFO  -  [http-nio-8083-exec-4] com.cg.movie.services.AdminServiceImpl : 2 Males, 0 Females, 0 Others returned successfully
 2020/08/16 00:49:10.123  INFO  -  [http-nio-8083-exec-8] com.cg.movie.services.AdminServiceImpl : 2 Males, 0 Females, 0 Others returned successfully
 2020/08/16 00:49:18.735  INFO  -  [http-nio-8083-exec-9] com.cg.movie.services.AdminServiceImpl : 2 Males, 0 Females, 0 Others returned successfully
 2020/08/12 22:18:10.059  ERROR -  [main] com.cg.movie.services.CustomerServiceImpl : Customer not found with customerId: 1
 2020/08/12 22:30:22.723  ERROR -  [main] com.cg.movie.services.CustomerServiceImpl : Customer not found with customerId: 1
 2020/08/12 22:30:54.645  ERROR -  [main] com.cg.movie.services.TicketServiceImpl : Ticket not found with TicketId: 1
 2020/08/12 22:36:33.532  ERROR -  [main] com.cg.movie.services.CustomerServiceImpl : Customer not found with customerId: 1
 2020/08/12 22:38:19.209  INFO  -  [http-nio-8083-exec-1] com.cg.movie.services.CustomerServiceImpl :  Customer found with customerId:1161
 2020/08/12 22:38:44.653  INFO  -  [http-nio-8083-exec-4] com.cg.movie.services.CustomerServiceImpl :  Customer found with customerId:1160
 2020/08/12 22:43:06.619  ERROR -  [main] com.cg.movie.services.CustomerServiceImpl : Customer not found with customerId: 1
 2020/08/12 22:44:09.167  INFO  -  [http-nio-8083-exec-2] com.cg.movie.services.CustomerServiceImpl :  Customer found with customerId:1160
 2020/08/12 22:44:32.224  INFO  -  [http-nio-8083-exec-4] com.cg.movie.services.CustomerServiceImpl :  Customer found with customerId:1160
 2020/08/12 22:44:33.533  INFO  -  [http-nio-8083-exec-5] com.cg.movie.services.CustomerServiceImpl :  Customer found with customerId:1160
 2020/08/12 22:44:43.137  INFO  -  [http-nio-8083-exec-6] com.cg.movie.services.CustomerServiceImpl :  Customer found with customerId:1161
 2020/08/12 22:44:48.738  ERROR -  [http-nio-8083-exec-7] com.cg.movie.services.CustomerServiceImpl : Customer not found with customerId: 1168
 2020/08/12 22:44:56.507  INFO  -  [http-nio-8083-exec-9] com.cg.movie.services.CustomerServiceImpl :  Customer found with customerId:1161
 2020/08/12 22:46:37.786  INFO  -  [http-nio-8083-exec-1] com.cg.movie.services.CustomerServiceImpl :  Customer found with customerId:1160
 2020/08/12 22:46:52.507  INFO  -  [http-nio-8083-exec-3] com.cg.movie.services.CustomerServiceImpl :  Customer found with customerId:1160
 2020/08/12 22:47:05.139  INFO  -  [http-nio-8083-exec-5] com.cg.movie.services.CustomerServiceImpl :  Customer found with customerId:1160
 2020/08/12 22:49:40.187  INFO  -  [http-nio-8083-exec-7] com.cg.movie.services.CustomerServiceImpl :  Customer found with customerId:1160
 2020/08/12 22:49:50.613  INFO  -  [http-nio-8083-exec-9] com.cg.movie.services.CustomerServiceImpl :  Customer found with customerId:1161
 2020/08/12 22:49:57.844  INFO  -  [http-nio-8083-exec-1] com.cg.movie.services.CustomerServiceImpl :  Customer found with customerId:1161
 2020/08/12 22:50:20.650  INFO  -  [http-nio-8083-exec-2] com.cg.movie.services.CustomerServiceImpl :  Customer found with customerId:1161
 2020/08/12 22:50:21.915  INFO  -  [http-nio-8083-exec-3] com.cg.movie.services.CustomerServiceImpl :  Customer found with customerId:1161
 2020/08/12 22:52:00.773  INFO  -  [http-nio-8083-exec-3] com.cg.movie.services.CustomerServiceImpl :  Customer found with customerId:1161
 2020/08/12 22:52:01.968  INFO  -  [http-nio-8083-exec-7] com.cg.movie.services.CustomerServiceImpl :  Customer found with customerId:1161
 2020/08/12 22:52:12.705  INFO  -  [http-nio-8083-exec-1] com.cg.movie.services.CustomerServiceImpl :  Customer found with customerId:1160
 2020/08/12 22:52:36.283  INFO  -  [http-nio-8083-exec-6] com.cg.movie.services.CustomerServiceImpl :  Customer found with customerId:1160
 2020/08/12 22:52:40.005  INFO  -  [http-nio-8083-exec-10] com.cg.movie.services.CustomerServiceImpl :  Customer found with customerId:1160
 2020/08/12 22:53:02.649  INFO  -  [http-nio-8083-exec-9] com.cg.movie.services.CustomerServiceImpl :  Customer found with customerId:1160
 2020/08/12 22:53:03.726  INFO  -  [http-nio-8083-exec-2] com.cg.movie.services.CustomerServiceImpl :  Customer found with customerId:1160
 2020/08/12 22:53:18.746  INFO  -  [http-nio-8083-exec-3] com.cg.movie.services.CustomerServiceImpl :  Customer found with customerId:1160
 2020/08/12 22:53:55.066  INFO  -  [http-nio-8083-exec-7] com.cg.movie.services.CustomerServiceImpl :  Customer found with customerId:1160
 2020/08/12 22:54:11.622  INFO  -  [http-nio-8083-exec-1] com.cg.movie.services.CustomerServiceImpl :  Customer found with customerId:1160
 2020/08/12 22:54:11.634  INFO  -  [http-nio-8083-exec-1] com.cg.movie.services.TheatreServiceImpl :  theatre found of id 162
 2020/08/12 22:54:13.903  INFO  -  [http-nio-8083-exec-5] com.cg.movie.services.CustomerServiceImpl :  Customer found with customerId:1160
 2020/08/12 22:54:13.916  INFO  -  [http-nio-8083-exec-5] com.cg.movie.services.TheatreServiceImpl :  theatre found of id 162
 2020/08/12 22:54:14.028  ERROR -  [http-nio-8083-exec-5] com.cg.movie.services.SeatServiceImpl : Seats already booked
 2020/08/12 22:55:50.846  INFO  -  [http-nio-8083-exec-10] com.cg.movie.services.TicketServiceImpl :  Ticket found with TicketId: 3
 2020/08/12 22:57:23.440  ERROR -  [main] com.cg.movie.services.TicketServiceImpl : Ticket not found with TicketId: 1

 2020/08/16 00:58:31.399  INFO  -  [main] com.cg.movie.AdminTest : Counting Customers Testing started
 2020/08/16 00:58:31.452  INFO  -  [main] com.cg.movie.services.AdminServiceImpl : 3 Customers returned successfully
 2020/08/16 00:58:31.466  ERROR -  [main] com.cg.movie.services.AdminServiceImpl : Customers Not Found
 2020/08/16 00:58:31.471  INFO  -  [main] com.cg.movie.AdminTest : Counting Customers Testing ended
 2020/08/16 00:58:31.495  INFO  -  [main] com.cg.movie.AdminTest : Counting Theatres Testing started
 2020/08/16 00:58:31.498  INFO  -  [main] com.cg.movie.services.AdminServiceImpl : 2 Theatres returned successfully
 2020/08/16 00:58:31.501  ERROR -  [main] com.cg.movie.services.AdminServiceImpl : Theatres Not Found
 2020/08/16 00:58:31.504  INFO  -  [main] com.cg.movie.AdminTest : Counting Customers Testing ended
 2020/08/16 00:58:31.515  INFO  -  [main] com.cg.movie.AdminTest : Counting Movies Testing started
 2020/08/16 00:58:31.518  INFO  -  [main] com.cg.movie.services.AdminServiceImpl : 1 Movies returned successfully
 2020/08/16 00:58:31.520  ERROR -  [main] com.cg.movie.services.AdminServiceImpl : Movies Not Found
 2020/08/16 00:58:31.522  INFO  -  [main] com.cg.movie.AdminTest : Counting Movies Testing ended
 2020/08/16 00:58:31.530  INFO  -  [main] com.cg.movie.AdminTest : Calaculating today's booking count Testing started
 2020/08/16 00:58:31.533  INFO  -  [main] com.cg.movie.services.AdminServiceImpl : 2 Bookings Today
 2020/08/16 00:58:31.536  ERROR -  [main] com.cg.movie.services.AdminServiceImpl : No Bookings Today
 2020/08/16 00:58:31.537  INFO  -  [main] com.cg.movie.AdminTest : Calaculating today's booking count Testing ended
 2020/08/16 00:58:31.544  INFO  -  [main] com.cg.movie.AdminTest : Calaculating today's revenue Testing started
 2020/08/16 00:58:31.546  INFO  -  [main] com.cg.movie.services.AdminServiceImpl : Today's revenue is 300.6
 2020/08/16 00:58:31.550  ERROR -  [main] com.cg.movie.services.AdminServiceImpl : No Revenue Today
 2020/08/16 00:58:31.551  INFO  -  [main] com.cg.movie.AdminTest : Calaculating today's revenue Testing ended
 2020/08/16 01:00:11.595  INFO  -  [http-nio-8083-exec-1] com.cg.movie.services.AdminServiceImpl : 2 Theatres returned successfully
 2020/08/16 01:07:57.910  INFO  -  [http-nio-8083-exec-1] com.cg.movie.services.AdminServiceImpl : 2 Theatres returned successfully
 2020/08/16 12:15:57.468  INFO  -  [main] com.cg.movie.services.ScreenServiceImpl : Returned Screen list of theatre 1
 2020/08/16 12:15:57.479  ERROR -  [main] com.cg.movie.services.ScreenServiceImpl : Theatre not found with 101
 2020/08/16 12:15:57.513  INFO  -  [main] com.cg.movie.services.ScreenServiceImpl : Delete screen of id 101
 2020/08/16 12:15:57.543  ERROR -  [main] com.cg.movie.services.ScreenServiceImpl : Screen not found with 110
 2020/08/16 12:15:57.600  INFO  -  [main] com.cg.movie.services.ScreenServiceImpl : Added Screen to Theatre of Id 1
 2020/08/16 12:15:57.606  ERROR -  [main] com.cg.movie.services.ScreenServiceImpl : Theatre not found with 101
 2020/08/16 12:15:57.625  INFO  -  [main] com.cg.movie.services.ScreenServiceImpl : Returned No of seats of screen of id 101
 2020/08/16 12:15:57.631  ERROR -  [main] com.cg.movie.services.ScreenServiceImpl : Screen not found with 111
 2020/08/16 12:15:57.653  INFO  -  [main] com.cg.movie.services.ScreenServiceImpl : Added seats in screen of id 101
 2020/08/16 12:15:57.679  ERROR -  [main] com.cg.movie.services.ScreenServiceImpl : Cannot add 0 seats in the screen
 2020/08/16 12:15:57.681  ERROR -  [main] com.cg.movie.services.ScreenServiceImpl : Screen not found with 111
 2020/08/16 12:15:57.699  INFO  -  [main] com.cg.movie.services.ScreenServiceImpl : Updated no of seat in screen of id 101
 2020/08/16 12:15:57.701  ERROR -  [main] com.cg.movie.services.ScreenServiceImpl : Cannot update 0 seats in the screen
 2020/08/16 12:15:57.702  ERROR -  [main] com.cg.movie.services.ScreenServiceImpl : Screen not found with 111
 2020/08/16 12:43:08.429  INFO  -  [main] com.cg.movie.services.ScreenServiceImpl : Returned Screen list of theatre 1
 2020/08/16 12:43:08.468  ERROR -  [main] com.cg.movie.services.ScreenServiceImpl : Theatre not found with 101
 2020/08/16 12:43:08.558  INFO  -  [main] com.cg.movie.services.ScreenServiceImpl : Delete screen of id 101
 2020/08/16 12:43:08.579  ERROR -  [main] com.cg.movie.services.ScreenServiceImpl : Screen not found with 110
 2020/08/16 12:43:08.594  INFO  -  [main] com.cg.movie.services.ScreenServiceImpl : Added Screen to Theatre of Id 1
 2020/08/16 12:43:08.597  ERROR -  [main] com.cg.movie.services.ScreenServiceImpl : Theatre not found with 101
 2020/08/16 12:43:08.606  INFO  -  [main] com.cg.movie.services.ScreenServiceImpl : Returned No of seats of screen of id 101
 2020/08/16 12:43:08.608  ERROR -  [main] com.cg.movie.services.ScreenServiceImpl : Screen not found with 111
 2020/08/16 12:43:08.617  INFO  -  [main] com.cg.movie.services.ScreenServiceImpl : Added seats in screen of id 101
 2020/08/16 12:43:08.618  ERROR -  [main] com.cg.movie.services.ScreenServiceImpl : Cannot add 0 seats in the screen
 2020/08/16 12:43:08.620  ERROR -  [main] com.cg.movie.services.ScreenServiceImpl : Screen not found with 111
 2020/08/16 12:43:08.627  INFO  -  [main] com.cg.movie.services.ScreenServiceImpl : Updated no of seat in screen of id 101
 2020/08/16 12:43:08.628  ERROR -  [main] com.cg.movie.services.ScreenServiceImpl : Cannot update 0 seats in the screen
 2020/08/16 12:43:08.629  ERROR -  [main] com.cg.movie.services.ScreenServiceImpl : Screen not found with 111
 2020/08/16 12:44:24.500  INFO  -  [http-nio-8083-exec-3] com.cg.movie.services.ScreenServiceImpl : Returned Screen list of theatre 162
 2020/08/16 12:44:28.495  ERROR -  [http-nio-8083-exec-4] com.cg.movie.services.ScreenServiceImpl : Theatre not found with 161
 2020/08/16 12:44:32.712  ERROR -  [http-nio-8083-exec-5] com.cg.movie.services.ScreenServiceImpl : Theatre not found with 1
 2020/08/16 12:44:34.584  ERROR -  [http-nio-8083-exec-6] com.cg.movie.services.ScreenServiceImpl : Theatre not found with 2
 2020/08/16 12:44:35.784  ERROR -  [http-nio-8083-exec-7] com.cg.movie.services.ScreenServiceImpl : Theatre not found with 3
 2020/08/16 12:45:21.476  INFO  -  [http-nio-8083-exec-8] com.cg.movie.services.ScreenServiceImpl : Returned Screen list of theatre 162
 2020/08/16 12:47:02.766  INFO  -  [http-nio-8083-exec-1] com.cg.movie.services.ScreenServiceImpl : Returned Screen list of theatre 162
 2020/08/16 12:48:36.303  INFO  -  [http-nio-8083-exec-3] com.cg.movie.services.ScreenServiceImpl : Added Screen to Theatre of Id 162
 2020/08/16 12:48:42.936  INFO  -  [http-nio-8083-exec-4] com.cg.movie.services.ScreenServiceImpl : Returned Screen list of theatre 162
 2020/08/16 12:49:03.756  INFO  -  [http-nio-8083-exec-5] com.cg.movie.services.ScreenServiceImpl : Returned Screen list of theatre 162
 2020/08/16 13:12:55.856  INFO  -  [http-nio-8083-exec-1] com.cg.movie.services.ScreenServiceImpl : Returned Screen list of theatre 162
 2020/08/16 13:13:01.367  INFO  -  [http-nio-8083-exec-2] com.cg.movie.services.ScreenServiceImpl : Added Screen to Theatre of Id 162
 2020/08/16 13:13:04.820  INFO  -  [http-nio-8083-exec-3] com.cg.movie.services.ScreenServiceImpl : Returned Screen list of theatre 162
 2020/08/16 13:38:19.152  INFO  -  [http-nio-8083-exec-10] com.cg.movie.services.AdminServiceImpl : Top 3 Movies returned successfully
 2020/08/16 13:38:19.152  INFO  -  [http-nio-8083-exec-9] com.cg.movie.services.AdminServiceImpl : Top2Theatres returned successfully
 2020/08/16 13:38:19.165  INFO  -  [http-nio-8083-exec-7] com.cg.movie.services.AdminServiceImpl : 2 Customers returned successfully
 2020/08/16 13:38:19.180  INFO  -  [http-nio-8083-exec-8] com.cg.movie.services.AdminServiceImpl : 2 Theatres returned successfully
 2020/08/16 13:38:19.216  INFO  -  [http-nio-8083-exec-6] com.cg.movie.services.AdminServiceImpl : 0 Bookings Today
 2020/08/16 13:38:22.155  INFO  -  [http-nio-8083-exec-4] com.cg.movie.services.AdminServiceImpl : 0 Bookings Today
 2020/08/16 13:38:22.169  INFO  -  [http-nio-8083-exec-9] com.cg.movie.services.AdminServiceImpl : Top 3 Movies returned successfully
 2020/08/16 13:38:22.170  INFO  -  [http-nio-8083-exec-2] com.cg.movie.services.AdminServiceImpl : 2 Customers returned successfully
 2020/08/16 13:38:22.169  INFO  -  [http-nio-8083-exec-7] com.cg.movie.services.AdminServiceImpl : Top2Theatres returned successfully
 2020/08/16 13:38:22.218  INFO  -  [http-nio-8083-exec-3] com.cg.movie.services.AdminServiceImpl : 2 Theatres returned successfully
 2020/08/16 13:40:34.943  INFO  -  [http-nio-8083-exec-9] com.cg.movie.services.AdminServiceImpl : 0 Bookings Today
 2020/08/16 13:40:34.957  INFO  -  [http-nio-8083-exec-4] com.cg.movie.services.AdminServiceImpl : 2 Customers returned successfully
 2020/08/16 13:40:34.975  INFO  -  [http-nio-8083-exec-1] com.cg.movie.services.AdminServiceImpl : 2 Theatres returned successfully
 2020/08/16 13:40:34.986  INFO  -  [http-nio-8083-exec-3] com.cg.movie.services.AdminServiceImpl : Top2Theatres returned successfully
 2020/08/16 13:40:34.993  INFO  -  [http-nio-8083-exec-8] com.cg.movie.services.AdminServiceImpl : Top 3 Movies returned successfully
 2020/08/16 13:41:40.564  INFO  -  [http-nio-8083-exec-2] com.cg.movie.services.AdminServiceImpl : 0 Bookings Today
 2020/08/16 13:41:40.579  INFO  -  [http-nio-8083-exec-9] com.cg.movie.services.AdminServiceImpl : 2 Customers returned successfully
 2020/08/16 13:41:40.590  INFO  -  [http-nio-8083-exec-4] com.cg.movie.services.AdminServiceImpl : 2 Theatres returned successfully
 2020/08/16 13:41:40.600  INFO  -  [http-nio-8083-exec-1] com.cg.movie.services.AdminServiceImpl : Top2Theatres returned successfully
 2020/08/16 13:41:40.617  INFO  -  [http-nio-8083-exec-3] com.cg.movie.services.AdminServiceImpl : Top 3 Movies returned successfully
 2020/08/16 13:45:59.233  ERROR -  [http-nio-8083-exec-6] com.cg.movie.services.TheatreServiceImpl : No Theatre Found
 2020/08/16 13:49:18.918  INFO  -  [http-nio-8083-exec-1] com.cg.movie.services.TheatreServiceImpl : Theatres found successfully
 2020/08/16 13:57:59.497  ERROR -  [http-nio-8083-exec-1] com.cg.movie.services.CityServiceImpl : City Not Found
 2020/08/16 13:58:38.916  INFO  -  [http-nio-8083-exec-3] com.cg.movie.services.TheatreServiceImpl :  theatre found of id 163
 2020/08/16 14:03:10.269  INFO  -  [http-nio-8083-exec-8] com.cg.movie.services.TheatreServiceImpl :  theatre found of id 162
 2020/08/16 14:04:59.422  INFO  -  [http-nio-8083-exec-10] com.cg.movie.services.TheatreServiceImpl :  theatre found of id 162
 2020/08/16 14:05:23.030  INFO  -  [http-nio-8083-exec-1] com.cg.movie.services.TheatreServiceImpl :  theatre found of id 162
 2020/08/16 14:06:06.490  INFO  -  [http-nio-8083-exec-2] com.cg.movie.services.TheatreServiceImpl :  theatre found of id 162
 2020/08/16 14:06:26.784  INFO  -  [http-nio-8083-exec-3] com.cg.movie.services.TheatreServiceImpl :  theatre found of id 162
 2020/08/16 14:06:43.168  INFO  -  [http-nio-8083-exec-5] com.cg.movie.services.TheatreServiceImpl :  theatre found of id 162
 2020/08/16 14:07:02.059  INFO  -  [http-nio-8083-exec-4] com.cg.movie.services.TheatreServiceImpl :  theatre found of id 162
 2020/08/16 14:07:08.252  INFO  -  [http-nio-8083-exec-6] com.cg.movie.services.TheatreServiceImpl :  theatre found of id 162
 